{"args":[],"guid":"3cb955ce73757073","level":"debug","message":"stoptyping"}
{"color":"pope","guid":"3cb955ce73757073","ip":"::ffff:127.200.148.43","level":"info","message":"talk","text":"My phone samsung galaxy a5 is not bad"}
{"args":[],"guid":"c4a2382ea62ba69b","level":"debug","message":"startyping"}
{"args":[],"guid":"70edaa69514ed643","level":"debug","message":"startyping"}
{"args":[],"guid":"c4a2382ea62ba69b","level":"debug","message":"stoptyping"}
{"args":[],"guid":"c4a2382ea62ba69b","level":"debug","message":"stoptyping"}
{"args":[],"guid":"c4a2382ea62ba69b","level":"debug","message":"stoptyping"}
{"args":[],"guid":"c4a2382ea62ba69b","level":"debug","message":"stoptyping"}
{"args":[],"guid":"c4a2382ea62ba69b","level":"debug","message":"stoptyping"}
{"args":[],"guid":"c4a2382ea62ba69b","level":"debug","message":"stoptyping"}
{"args":[],"guid":"c4a2382ea62ba69b","level":"debug","message":"stoptyping"}
{"args":[],"guid":"c4a2382ea62ba69b","level":"debug","message":"stoptyping"}
{"args":[],"guid":"c4a2382ea62ba69b","level":"debug","message":"stoptyping"}
{"args":[],"guid":"c4a2382ea62ba69b","level":"debug","message":"stoptyping"}
{"args":[],"guid":"c4a2382ea62ba69b","level":"debug","message":"stoptyping"}
{"args":[],"guid":"c4a2382ea62ba69b","level":"debug","message":"stoptyping"}
{"args":[],"guid":"c4a2382ea62ba69b","level":"debug","message":"stoptyping"}
{"args":[],"guid":"c4a2382ea62ba69b","level":"debug","message":"stoptyping"}
{"args":[],"guid":"c4a2382ea62ba69b","level":"debug","message":"stoptyping"}
{"args":[],"guid":"c4a2382ea62ba69b","level":"debug","message":"stoptyping"}
{"args":[],"guid":"c4a2382ea62ba69b","level":"debug","message":"stoptyping"}
{"args":[],"guid":"c4a2382ea62ba69b","level":"debug","message":"stoptyping"}
{"args":[],"guid":"c4a2382ea62ba69b","level":"debug","message":"stoptyping"}
{"args":[],"guid":"c4a2382ea62ba69b","level":"debug","message":"stoptyping"}
{"args":[],"guid":"c4a2382ea62ba69b","level":"debug","message":"stoptyping"}
{"args":[],"guid":"c4a2382ea62ba69b","level":"debug","message":"stoptyping"}
{"args":["espeak"],"guid":"c4a2382ea62ba69b","level":"debug","message":"voice"}
{"args":[],"guid":"c4a2382ea62ba69b","level":"debug","message":"startyping"}
{"args":[],"guid":"c4a2382ea62ba69b","level":"debug","message":"stoptyping"}
{"args":[],"guid":"c4a2382ea62ba69b","level":"debug","message":"stoptyping"}
{"args":[],"guid":"c4a2382ea62ba69b","level":"debug","message":"stoptyping"}
{"args":[],"guid":"c4a2382ea62ba69b","level":"debug","message":"stoptyping"}
{"args":[],"guid":"c4a2382ea62ba69b","level":"debug","message":"stoptyping"}
{"args":[],"guid":"c4a2382ea62ba69b","level":"debug","message":"stoptyping"}
{"args":[],"guid":"c4a2382ea62ba69b","level":"debug","message":"stoptyping"}
{"args":[],"guid":"c4a2382ea62ba69b","level":"debug","message":"stoptyping"}
{"args":[],"guid":"c4a2382ea62ba69b","level":"debug","message":"stoptyping"}
{"args":[],"guid":"c4a2382ea62ba69b","level":"debug","message":"stoptyping"}
{"args":[],"guid":"c4a2382ea62ba69b","level":"debug","message":"stoptyping"}
{"args":[],"guid":"c4a2382ea62ba69b","level":"debug","message":"stoptyping"}
{"args":[],"guid":"c4a2382ea62ba69b","level":"debug","message":"stoptyping"}
{"args":[],"guid":"c4a2382ea62ba69b","level":"debug","message":"stoptyping"}
{"args":[],"guid":"c4a2382ea62ba69b","level":"debug","message":"stoptyping"}
{"args":[],"guid":"c4a2382ea62ba69b","level":"debug","message":"stoptyping"}
{"args":[],"guid":"c4a2382ea62ba69b","level":"debug","message":"stoptyping"}
{"args":[],"guid":"c4a2382ea62ba69b","level":"debug","message":"stoptyping"}
{"args":[],"guid":"c4a2382ea62ba69b","level":"debug","message":"stoptyping"}
{"args":[],"guid":"c4a2382ea62ba69b","level":"debug","message":"stoptyping"}
{"args":[],"guid":"c4a2382ea62ba69b","level":"debug","message":"stoptyping"}
{"args":[],"guid":"c4a2382ea62ba69b","level":"debug","message":"stoptyping"}
{"args":["100"],"guid":"c4a2382ea62ba69b","level":"debug","message":"speed"}
{"args":["BonziBOT || $help"],"guid":"5eb4fffd4fc60aed","level":"debug","message":"name"}
{"args":[],"guid":"70edaa69514ed643","level":"debug","message":"stoptyping"}
{"color":"fuckunesupporter","guid":"70edaa69514ed643","ip":"::ffff:127.0.0.1","level":"info","message":"talk","text":"I have a new PC."}
{"args":[],"guid":"c4a2382ea62ba69b","level":"debug","message":"startyping"}
{"args":[],"guid":"c4a2382ea62ba69b","level":"debug","message":"stoptyping"}
{"args":[],"guid":"c4a2382ea62ba69b","level":"debug","message":"stoptyping"}
{"args":[],"guid":"c4a2382ea62ba69b","level":"debug","message":"stoptyping"}
{"args":[],"guid":"c4a2382ea62ba69b","level":"debug","message":"stoptyping"}
{"args":[],"guid":"c4a2382ea62ba69b","level":"debug","message":"stoptyping"}
{"args":[],"guid":"c4a2382ea62ba69b","level":"debug","message":"stoptyping"}
{"args":[],"guid":"c4a2382ea62ba69b","level":"debug","message":"stoptyping"}
{"args":[],"guid":"c4a2382ea62ba69b","level":"debug","message":"stoptyping"}
{"args":[],"guid":"c4a2382ea62ba69b","level":"debug","message":"stoptyping"}
{"args":[],"guid":"c4a2382ea62ba69b","level":"debug","message":"stoptyping"}
{"args":[],"guid":"c4a2382ea62ba69b","level":"debug","message":"stoptyping"}
{"args":[],"guid":"c4a2382ea62ba69b","level":"debug","message":"stoptyping"}
{"args":[],"guid":"c4a2382ea62ba69b","level":"debug","message":"stoptyping"}
{"args":[],"guid":"c4a2382ea62ba69b","level":"debug","message":"stoptyping"}
{"args":[],"guid":"c4a2382ea62ba69b","level":"debug","message":"stoptyping"}
{"args":[],"guid":"c4a2382ea62ba69b","level":"debug","message":"stoptyping"}
{"args":[],"guid":"c4a2382ea62ba69b","level":"debug","message":"stoptyping"}
{"args":[],"guid":"c4a2382ea62ba69b","level":"debug","message":"stoptyping"}
{"args":[],"guid":"c4a2382ea62ba69b","level":"debug","message":"stoptyping"}
{"args":[],"guid":"c4a2382ea62ba69b","level":"debug","message":"stoptyping"}
{"args":[],"guid":"c4a2382ea62ba69b","level":"debug","message":"stoptyping"}
{"args":[],"guid":"c4a2382ea62ba69b","level":"debug","message":"stoptyping"}
{"color":"mamachan","guid":"c4a2382ea62ba69b","ip":"::ffff:127.96.210.122","level":"info","message":"talk","text":"What new PC?"}
{"args":[],"guid":"70edaa69514ed643","level":"debug","message":"startyping"}
{"guid":"f6e3c5acfbcaf218","level":"info","message":"login"}
{"guid":"f6e3c5acfbcaf218","level":"debug","message":"roomSpecified","roomSpecified":false}
{"args":[],"guid":"3cb955ce73757073","level":"debug","message":"startyping"}
{"args":[],"guid":"70edaa69514ed643","level":"debug","message":"stoptyping"}
{"args":[],"guid":"f6e3c5acfbcaf218","level":"debug","message":"startyping"}
{"args":[],"guid":"70edaa69514ed643","level":"debug","message":"startyping"}
{"args":[],"guid":"3cb955ce73757073","level":"debug","message":"stoptyping"}
{"args":[],"guid":"70edaa69514ed643","level":"debug","message":"stoptyping"}
{"color":"fuckunesupporter","guid":"70edaa69514ed643","ip":"::ffff:127.0.0.1","level":"info","message":"talk","text":"I got from 2022."}
{"args":[],"guid":"c4a2382ea62ba69b","level":"debug","message":"startyping"}
{"args":[],"guid":"3cb955ce73757073","level":"debug","message":"startyping"}
{"args":[],"guid":"3cb955ce73757073","level":"debug","message":"stoptyping"}
{"color":"pope","guid":"3cb955ce73757073","ip":"::ffff:127.200.148.43","level":"info","message":"talk","text":"3 tivo fans"}
{"args":[],"guid":"c4a2382ea62ba69b","level":"debug","message":"stoptyping"}
{"args":[],"guid":"c4a2382ea62ba69b","level":"debug","message":"startyping"}
{"args":[],"guid":"c4a2382ea62ba69b","level":"debug","message":"stoptyping"}
{"args":[],"guid":"c4a2382ea62ba69b","level":"debug","message":"stoptyping"}
{"args":[],"guid":"c4a2382ea62ba69b","level":"debug","message":"stoptyping"}
{"args":[],"guid":"c4a2382ea62ba69b","level":"debug","message":"stoptyping"}
{"args":[],"guid":"c4a2382ea62ba69b","level":"debug","message":"stoptyping"}
{"args":[],"guid":"c4a2382ea62ba69b","level":"debug","message":"stoptyping"}
{"args":[],"guid":"c4a2382ea62ba69b","level":"debug","message":"stoptyping"}
{"args":[],"guid":"c4a2382ea62ba69b","level":"debug","message":"stoptyping"}
{"args":[],"guid":"c4a2382ea62ba69b","level":"debug","message":"stoptyping"}
{"args":[],"guid":"c4a2382ea62ba69b","level":"debug","message":"stoptyping"}
{"args":[],"guid":"c4a2382ea62ba69b","level":"debug","message":"stoptyping"}
{"args":[],"guid":"c4a2382ea62ba69b","level":"debug","message":"stoptyping"}
{"args":[],"guid":"c4a2382ea62ba69b","level":"debug","message":"stoptyping"}
{"args":[],"guid":"c4a2382ea62ba69b","level":"debug","message":"stoptyping"}
{"args":[],"guid":"c4a2382ea62ba69b","level":"debug","message":"stoptyping"}
{"args":[],"guid":"c4a2382ea62ba69b","level":"debug","message":"stoptyping"}
{"args":[],"guid":"c4a2382ea62ba69b","level":"debug","message":"stoptyping"}
{"args":[],"guid":"c4a2382ea62ba69b","level":"debug","message":"stoptyping"}
{"args":[],"guid":"c4a2382ea62ba69b","level":"debug","message":"stoptyping"}
{"args":[],"guid":"c4a2382ea62ba69b","level":"debug","message":"stoptyping"}
{"args":[],"guid":"c4a2382ea62ba69b","level":"debug","message":"stoptyping"}
{"args":[],"guid":"c4a2382ea62ba69b","level":"debug","message":"stoptyping"}
{"color":"mamachan","guid":"c4a2382ea62ba69b","ip":"::ffff:127.96.210.122","level":"info","message":"talk","text":"Oh"}
{"args":[],"guid":"f6e3c5acfbcaf218","level":"debug","message":"stoptyping"}
{"color":"marshmallow","guid":"f6e3c5acfbcaf218","ip":"::ffff:127.211.176.141","level":"info","message":"talk","text":"wow, i'm a fucking marshmallow!"}
{"args":[],"guid":"f6e3c5acfbcaf218","level":"debug","message":"startyping"}
{"args":[],"guid":"f6e3c5acfbcaf218","level":"debug","message":"stoptyping"}
{"args":["50"],"guid":"f6e3c5acfbcaf218","level":"debug","message":"pitch"}
{"args":[],"guid":"f6e3c5acfbcaf218","level":"debug","message":"startyping"}
{"args":[],"guid":"f6e3c5acfbcaf218","level":"debug","message":"stoptyping"}
{"args":[""],"guid":"f6e3c5acfbcaf218","level":"debug","message":"speed"}
{"args":[],"guid":"f6e3c5acfbcaf218","level":"debug","message":"startyping"}
{"args":[],"guid":"f6e3c5acfbcaf218","level":"debug","message":"stoptyping"}
{"args":["250"],"guid":"f6e3c5acfbcaf218","level":"debug","message":"speed"}
{"args":[],"guid":"70edaa69514ed643","level":"debug","message":"startyping"}
{"args":[],"guid":"f6e3c5acfbcaf218","level":"debug","message":"startyping"}
{"args":[],"guid":"f6e3c5acfbcaf218","level":"debug","message":"stoptyping"}
{"color":"marshmallow","guid":"f6e3c5acfbcaf218","ip":"::ffff:127.211.176.141","level":"info","message":"talk","text":"\\chr=\"monotone\"\\\\pit=50\\\\spd=250\\oh my god damn god damn god damn god damn god damn i'm so fucking fucking fucking fucking fucking fucking fucking fucking fucking fucking fucking fucking fucking fucking fucking fucking fucking fucking fucking fucking fucking fucking fucking fucking fucking fucking fucking fucking fucking fucking fucking fucking fucking fucking fucking fucking fuck niggers fuck niggers fuck nigger fuck fuck fuck fuck niggers niggers fuck niggers fucking niggerity nigger nigger fuckity fucking niggers niggers fucking niggers son of a bitch son of a bitch son of a son of a son of a bitch bitch son of a bitch son of a bitch son of a bitch bitch bitch son of a bitch niggers niggers niggers niggers niggers niggers niggers niggers niggers niggers niggers niggers niggers niggers niggers niggers niggers niggers niggers niggers niggers niggers niggers niggers niggers  fuck niggers son of a bitch bitch son of a biiiiiiiiiiiiiiiiiiiiiitch!"}
{"args":[],"guid":"70edaa69514ed643","level":"debug","message":"stoptyping"}
{"args":[],"guid":"70edaa69514ed643","level":"debug","message":"startyping"}
{"args":[],"guid":"70edaa69514ed643","level":"debug","message":"stoptyping"}
{"color":"fuckunesupporter","guid":"70edaa69514ed643","ip":"::ffff:127.0.0.1","level":"info","message":"talk","text":"MePhone4S is Mistah Phone!"}
{"args":[],"guid":"c4a2382ea62ba69b","level":"debug","message":"startyping"}
{"args":[],"guid":"c4a2382ea62ba69b","level":"debug","message":"stoptyping"}
{"args":[],"guid":"c4a2382ea62ba69b","level":"debug","message":"startyping"}
{"args":[],"guid":"c4a2382ea62ba69b","level":"debug","message":"stoptyping"}
{"args":[],"guid":"c4a2382ea62ba69b","level":"debug","message":"stoptyping"}
{"args":[],"guid":"c4a2382ea62ba69b","level":"debug","message":"stoptyping"}
{"args":[],"guid":"c4a2382ea62ba69b","level":"debug","message":"stoptyping"}
{"args":[],"guid":"c4a2382ea62ba69b","level":"debug","message":"stoptyping"}
{"args":[],"guid":"c4a2382ea62ba69b","level":"debug","message":"stoptyping"}
{"args":[],"guid":"c4a2382ea62ba69b","level":"debug","message":"stoptyping"}
{"args":[],"guid":"c4a2382ea62ba69b","level":"debug","message":"stoptyping"}
{"args":[],"guid":"c4a2382ea62ba69b","level":"debug","message":"stoptyping"}
{"args":[],"guid":"c4a2382ea62ba69b","level":"debug","message":"stoptyping"}
{"args":[],"guid":"c4a2382ea62ba69b","level":"debug","message":"stoptyping"}
{"args":[],"guid":"c4a2382ea62ba69b","level":"debug","message":"stoptyping"}
{"args":[],"guid":"c4a2382ea62ba69b","level":"debug","message":"stoptyping"}
{"args":[],"guid":"c4a2382ea62ba69b","level":"debug","message":"stoptyping"}
{"args":[],"guid":"c4a2382ea62ba69b","level":"debug","message":"stoptyping"}
{"args":[],"guid":"c4a2382ea62ba69b","level":"debug","message":"stoptyping"}
{"args":[],"guid":"c4a2382ea62ba69b","level":"debug","message":"stoptyping"}
{"args":[],"guid":"c4a2382ea62ba69b","level":"debug","message":"stoptyping"}
{"args":[],"guid":"c4a2382ea62ba69b","level":"debug","message":"stoptyping"}
{"args":[],"guid":"c4a2382ea62ba69b","level":"debug","message":"stoptyping"}
{"args":[],"guid":"c4a2382ea62ba69b","level":"debug","message":"stoptyping"}
{"args":[],"guid":"c4a2382ea62ba69b","level":"debug","message":"stoptyping"}
{"args":[],"guid":"c4a2382ea62ba69b","level":"debug","message":"fqct"}
{"args":[],"command":"fqct","exception":{},"guid":"c4a2382ea62ba69b","level":"debug","message":"commandFail","reason":"notexist"}
{"args":[],"guid":"c4a2382ea62ba69b","level":"debug","message":"startyping"}
{"args":[],"guid":"c4a2382ea62ba69b","level":"debug","message":"stoptyping"}
{"args":[],"guid":"c4a2382ea62ba69b","level":"debug","message":"stoptyping"}
{"args":[],"guid":"c4a2382ea62ba69b","level":"debug","message":"stoptyping"}
{"args":[],"guid":"c4a2382ea62ba69b","level":"debug","message":"stoptyping"}
{"args":[],"guid":"c4a2382ea62ba69b","level":"debug","message":"stoptyping"}
{"args":[],"guid":"c4a2382ea62ba69b","level":"debug","message":"stoptyping"}
{"args":[],"guid":"c4a2382ea62ba69b","level":"debug","message":"stoptyping"}
{"args":[],"guid":"c4a2382ea62ba69b","level":"debug","message":"stoptyping"}
{"args":[],"guid":"c4a2382ea62ba69b","level":"debug","message":"stoptyping"}
{"args":[],"guid":"c4a2382ea62ba69b","level":"debug","message":"stoptyping"}
{"args":[],"guid":"c4a2382ea62ba69b","level":"debug","message":"stoptyping"}
{"args":[],"guid":"c4a2382ea62ba69b","level":"debug","message":"stoptyping"}
{"args":[],"guid":"c4a2382ea62ba69b","level":"debug","message":"stoptyping"}
{"args":[],"guid":"c4a2382ea62ba69b","level":"debug","message":"stoptyping"}
{"args":[],"guid":"c4a2382ea62ba69b","level":"debug","message":"stoptyping"}
{"args":[],"guid":"c4a2382ea62ba69b","level":"debug","message":"stoptyping"}
{"args":[],"guid":"c4a2382ea62ba69b","level":"debug","message":"stoptyping"}
{"args":[],"guid":"c4a2382ea62ba69b","level":"debug","message":"stoptyping"}
{"args":[],"guid":"c4a2382ea62ba69b","level":"debug","message":"stoptyping"}
{"args":[],"guid":"c4a2382ea62ba69b","level":"debug","message":"stoptyping"}
{"args":[],"guid":"c4a2382ea62ba69b","level":"debug","message":"stoptyping"}
{"args":[],"guid":"c4a2382ea62ba69b","level":"debug","message":"stoptyping"}
{"args":[],"guid":"c4a2382ea62ba69b","level":"debug","message":"fact"}
{"args":[],"guid":"f6e3c5acfbcaf218","level":"debug","message":"startyping"}
{"args":[],"guid":"f6e3c5acfbcaf218","level":"debug","message":"stoptyping"}
{"color":"marshmallow","guid":"f6e3c5acfbcaf218","ip":"::ffff:127.211.176.141","level":"info","message":"talk","text":"<script>alert(\"here\");"}
{"args":[],"guid":"f6e3c5acfbcaf218","level":"debug","message":"startyping"}
{"args":[],"guid":"f6e3c5acfbcaf218","level":"debug","message":"stoptyping"}
{"color":"marshmallow","guid":"f6e3c5acfbcaf218","ip":"::ffff:127.211.176.141","level":"info","message":"talk","text":"<script>a"}
{"args":[],"guid":"f6e3c5acfbcaf218","level":"debug","message":"startyping"}
{"args":[],"guid":"f6e3c5acfbcaf218","level":"debug","message":"stoptyping"}
{"args":["Unknown123"],"guid":"f6e3c5acfbcaf218","level":"debug","message":"godmode"}
{"guid":"f6e3c5acfbcaf218","level":"info","message":"godmode","success":true}
{"args":[],"guid":"f6e3c5acfbcaf218","level":"debug","message":"startyping"}
{"args":[],"guid":"f6e3c5acfbcaf218","level":"debug","message":"stoptyping"}
{"args":[],"guid":"f6e3c5acfbcaf218","level":"debug","message":"pope"}
{"args":[],"guid":"f6e3c5acfbcaf218","level":"debug","message":"startyping"}
{"args":[],"guid":"f6e3c5acfbcaf218","level":"debug","message":"stoptyping"}
{"args":["off"],"guid":"f6e3c5acfbcaf218","level":"debug","message":"sanitize"}
{"args":[],"guid":"f6e3c5acfbcaf218","level":"debug","message":"startyping"}
{"args":[],"guid":"f6e3c5acfbcaf218","level":"debug","message":"stoptyping"}
{"args":["off"],"guid":"f6e3c5acfbcaf218","level":"debug","message":"sanitize"}
{"args":[],"guid":"f6e3c5acfbcaf218","level":"debug","message":"startyping"}
{"args":[],"guid":"c4a2382ea62ba69b","level":"debug","message":"startyping"}
{"args":[],"guid":"c4a2382ea62ba69b","level":"debug","message":"stoptyping"}
{"args":[],"guid":"c4a2382ea62ba69b","level":"debug","message":"stoptyping"}
{"args":[],"guid":"c4a2382ea62ba69b","level":"debug","message":"stoptyping"}
{"args":[],"guid":"c4a2382ea62ba69b","level":"debug","message":"stoptyping"}
{"args":[],"guid":"c4a2382ea62ba69b","level":"debug","message":"stoptyping"}
{"args":[],"guid":"c4a2382ea62ba69b","level":"debug","message":"stoptyping"}
{"args":[],"guid":"c4a2382ea62ba69b","level":"debug","message":"stoptyping"}
{"args":[],"guid":"c4a2382ea62ba69b","level":"debug","message":"stoptyping"}
{"args":[],"guid":"c4a2382ea62ba69b","level":"debug","message":"stoptyping"}
{"args":[],"guid":"c4a2382ea62ba69b","level":"debug","message":"stoptyping"}
{"args":[],"guid":"c4a2382ea62ba69b","level":"debug","message":"stoptyping"}
{"args":[],"guid":"c4a2382ea62ba69b","level":"debug","message":"stoptyping"}
{"args":[],"guid":"c4a2382ea62ba69b","level":"debug","message":"stoptyping"}
{"args":[],"guid":"c4a2382ea62ba69b","level":"debug","message":"stoptyping"}
{"args":[],"guid":"c4a2382ea62ba69b","level":"debug","message":"stoptyping"}
{"args":[],"guid":"c4a2382ea62ba69b","level":"debug","message":"stoptyping"}
{"args":[],"guid":"c4a2382ea62ba69b","level":"debug","message":"stoptyping"}
{"args":[],"guid":"c4a2382ea62ba69b","level":"debug","message":"stoptyping"}
{"args":[],"guid":"c4a2382ea62ba69b","level":"debug","message":"stoptyping"}
{"args":[],"guid":"c4a2382ea62ba69b","level":"debug","message":"stoptyping"}
{"args":[],"guid":"c4a2382ea62ba69b","level":"debug","message":"stoptyping"}
{"args":[],"guid":"c4a2382ea62ba69b","level":"debug","message":"stoptyping"}
{"args":["Don't","Ban","Me"],"guid":"c4a2382ea62ba69b","level":"debug","message":"status"}
{"args":[],"guid":"f6e3c5acfbcaf218","level":"debug","message":"stoptyping"}
{"color":"pope","guid":"f6e3c5acfbcaf218","ip":"::ffff:127.211.176.141","level":"info","message":"talk","text":"<script>alert(\"fuck y'all asses\");"}
{"args":[],"guid":"c4a2382ea62ba69b","level":"debug","message":"startyping"}
{"args":[],"guid":"c4a2382ea62ba69b","level":"debug","message":"stoptyping"}
{"args":[],"guid":"c4a2382ea62ba69b","level":"debug","message":"startyping"}
{"args":["https://files.catbox.moe/y3lvd4.png"],"guid":"c4a2382ea62ba69b","level":"debug","message":"crosscolor"}
{"args":[],"guid":"c4a2382ea62ba69b","level":"debug","message":"stoptyping"}
{"args":[],"guid":"f6e3c5acfbcaf218","level":"debug","message":"startyping"}
{"args":[],"guid":"f6e3c5acfbcaf218","level":"debug","message":"stoptyping"}
{"args":["Admin"],"guid":"f6e3c5acfbcaf218","level":"debug","message":"status"}
{"args":[],"guid":"f6e3c5acfbcaf218","level":"debug","message":"startyping"}
{"args":[],"guid":"f6e3c5acfbcaf218","level":"debug","message":"stoptyping"}
{"color":"pope","guid":"f6e3c5acfbcaf218","ip":"::ffff:127.211.176.141","level":"info","message":"talk","text":"<script>alert(\"fuck y'all asses\");"}
{"args":[],"guid":"c4a2382ea62ba69b","level":"debug","message":"startyping"}
{"args":[],"guid":"c4a2382ea62ba69b","level":"debug","message":"stoptyping"}
{"args":[],"guid":"70edaa69514ed643","level":"debug","message":"startyping"}
{"args":[],"guid":"70edaa69514ed643","level":"debug","message":"stoptyping"}
{"args":["https://static.wikia.nocookie.net/inanimateinsanity/images/8/8a/Yeyeye.png/revision/latest/scale-to-width-down/1000?cb=20241130080859"],"guid":"70edaa69514ed643","level":"debug","message":"image"}
{"args":[],"guid":"c4a2382ea62ba69b","level":"debug","message":"startyping"}
{"args":[],"guid":"f6e3c5acfbcaf218","level":"debug","message":"startyping"}
{"args":[],"guid":"c4a2382ea62ba69b","level":"debug","message":"stoptyping"}
{"args":[],"guid":"c4a2382ea62ba69b","level":"debug","message":"stoptyping"}
{"args":[],"guid":"c4a2382ea62ba69b","level":"debug","message":"stoptyping"}
{"args":[],"guid":"c4a2382ea62ba69b","level":"debug","message":"stoptyping"}
{"args":[],"guid":"c4a2382ea62ba69b","level":"debug","message":"stoptyping"}
{"args":[],"guid":"c4a2382ea62ba69b","level":"debug","message":"stoptyping"}
{"args":[],"guid":"c4a2382ea62ba69b","level":"debug","message":"stoptyping"}
{"args":[],"guid":"c4a2382ea62ba69b","level":"debug","message":"stoptyping"}
{"args":[],"guid":"c4a2382ea62ba69b","level":"debug","message":"stoptyping"}
{"args":[],"guid":"c4a2382ea62ba69b","level":"debug","message":"stoptyping"}
{"args":[],"guid":"c4a2382ea62ba69b","level":"debug","message":"stoptyping"}
{"args":[],"guid":"c4a2382ea62ba69b","level":"debug","message":"stoptyping"}
{"args":[],"guid":"c4a2382ea62ba69b","level":"debug","message":"stoptyping"}
{"args":[],"guid":"c4a2382ea62ba69b","level":"debug","message":"stoptyping"}
{"args":[],"guid":"c4a2382ea62ba69b","level":"debug","message":"stoptyping"}
{"args":[],"guid":"c4a2382ea62ba69b","level":"debug","message":"stoptyping"}
{"args":[],"guid":"c4a2382ea62ba69b","level":"debug","message":"stoptyping"}
{"args":[],"guid":"c4a2382ea62ba69b","level":"debug","message":"stoptyping"}
{"args":[],"guid":"c4a2382ea62ba69b","level":"debug","message":"stoptyping"}
{"args":[],"guid":"c4a2382ea62ba69b","level":"debug","message":"stoptyping"}
{"args":[],"guid":"c4a2382ea62ba69b","level":"debug","message":"stoptyping"}
{"args":[],"guid":"c4a2382ea62ba69b","level":"debug","message":"stoptyping"}
{"color":"empty","guid":"c4a2382ea62ba69b","ip":"::ffff:127.96.210.122","level":"info","message":"talk","text":"How did you do that"}
{"args":[],"guid":"f6e3c5acfbcaf218","level":"debug","message":"stoptyping"}
{"args":[],"guid":"f6e3c5acfbcaf218","level":"debug","message":"startyping"}
{"args":[],"guid":"70edaa69514ed643","level":"debug","message":"startyping"}
{"args":[],"guid":"70edaa69514ed643","level":"debug","message":"stoptyping"}
{"color":"fuckunesupporter","guid":"70edaa69514ed643","ip":"::ffff:127.0.0.1","level":"info","message":"talk","text":"That's it! Goodbye!"}
{"args":[],"guid":"f6e3c5acfbcaf218","level":"debug","message":"stoptyping"}
{"args":[],"guid":"f6e3c5acfbcaf218","level":"debug","message":"startyping"}
{"args":[],"guid":"f6e3c5acfbcaf218","level":"debug","message":"stoptyping"}
{"color":"pope","guid":"f6e3c5acfbcaf218","ip":"::ffff:127.211.176.141","level":"info","message":"talk","text":"< script >alert(\"fuck y'all asses\");"}
{"args":[],"guid":"c4a2382ea62ba69b","level":"debug","message":"startyping"}
{"args":[],"guid":"c4a2382ea62ba69b","level":"debug","message":"stoptyping"}
{"args":[],"guid":"c4a2382ea62ba69b","level":"debug","message":"stoptyping"}
{"args":[],"guid":"c4a2382ea62ba69b","level":"debug","message":"stoptyping"}
{"args":[],"guid":"c4a2382ea62ba69b","level":"debug","message":"stoptyping"}
{"args":[],"guid":"c4a2382ea62ba69b","level":"debug","message":"stoptyping"}
{"args":[],"guid":"c4a2382ea62ba69b","level":"debug","message":"stoptyping"}
{"args":[],"guid":"c4a2382ea62ba69b","level":"debug","message":"stoptyping"}
{"args":[],"guid":"c4a2382ea62ba69b","level":"debug","message":"stoptyping"}
{"args":[],"guid":"c4a2382ea62ba69b","level":"debug","message":"stoptyping"}
{"args":[],"guid":"c4a2382ea62ba69b","level":"debug","message":"stoptyping"}
{"args":[],"guid":"c4a2382ea62ba69b","level":"debug","message":"stoptyping"}
{"args":[],"guid":"c4a2382ea62ba69b","level":"debug","message":"stoptyping"}
{"args":[],"guid":"c4a2382ea62ba69b","level":"debug","message":"stoptyping"}
{"args":[],"guid":"c4a2382ea62ba69b","level":"debug","message":"stoptyping"}
{"args":[],"guid":"c4a2382ea62ba69b","level":"debug","message":"stoptyping"}
{"args":[],"guid":"c4a2382ea62ba69b","level":"debug","message":"stoptyping"}
{"args":[],"guid":"c4a2382ea62ba69b","level":"debug","message":"stoptyping"}
{"args":[],"guid":"c4a2382ea62ba69b","level":"debug","message":"stoptyping"}
{"args":[],"guid":"c4a2382ea62ba69b","level":"debug","message":"stoptyping"}
{"args":[],"guid":"c4a2382ea62ba69b","level":"debug","message":"stoptyping"}
{"args":[],"guid":"c4a2382ea62ba69b","level":"debug","message":"stoptyping"}
{"args":[],"guid":"c4a2382ea62ba69b","level":"debug","message":"stoptyping"}
{"color":"empty","guid":"c4a2382ea62ba69b","ip":"::ffff:127.96.210.122","level":"info","message":"talk","text":"Oh No"}
{"args":[],"guid":"f6e3c5acfbcaf218","level":"debug","message":"startyping"}
{"args":[],"guid":"f6e3c5acfbcaf218","level":"debug","message":"stoptyping"}
{"color":"pope","guid":"f6e3c5acfbcaf218","ip":"::ffff:127.211.176.141","level":"info","message":"talk","text":"BUT"}
{"args":[],"guid":"f6e3c5acfbcaf218","level":"debug","message":"startyping"}
{"guid":"7f27f0d1ae442cc2","level":"info","message":"login"}
{"guid":"7f27f0d1ae442cc2","level":"debug","message":"roomSpecified","roomSpecified":true}
{"level":"debug","message":"newRoom","rid":"345"}
{"args":[],"guid":"f6e3c5acfbcaf218","level":"debug","message":"stoptyping"}
{"color":"pope","guid":"f6e3c5acfbcaf218","ip":"::ffff:127.211.176.141","level":"info","message":"talk","text":"you need admin first"}
{"args":[],"guid":"f6e3c5acfbcaf218","level":"debug","message":"startyping"}
{"args":[],"guid":"7f27f0d1ae442cc2","level":"debug","message":"startyping"}
{"args":[],"guid":"7f27f0d1ae442cc2","level":"debug","message":"stoptyping"}
{"args":["74"],"guid":"7f27f0d1ae442cc2","level":"debug","message":"pitch"}
{"args":[],"guid":"7f27f0d1ae442cc2","level":"debug","message":"startyping"}
{"args":[],"guid":"7f27f0d1ae442cc2","level":"debug","message":"stoptyping"}
{"args":["1255"],"guid":"7f27f0d1ae442cc2","level":"debug","message":"speed"}
{"args":[],"guid":"c4a2382ea62ba69b","level":"debug","message":"startyping"}
{"args":[],"guid":"7f27f0d1ae442cc2","level":"debug","message":"startyping"}
{"args":[],"guid":"f6e3c5acfbcaf218","level":"debug","message":"stoptyping"}
{"color":"pope","guid":"f6e3c5acfbcaf218","ip":"::ffff:127.211.176.141","level":"info","message":"talk","text":"do this /godmode Unknown123"}
{"args":[],"guid":"7f27f0d1ae442cc2","level":"debug","message":"stoptyping"}
{"args":["125"],"guid":"7f27f0d1ae442cc2","level":"debug","message":"speed"}
{"args":[],"guid":"7f27f0d1ae442cc2","level":"debug","message":"startyping"}
{"args":[],"guid":"f6e3c5acfbcaf218","level":"debug","message":"startyping"}
{"args":[],"guid":"7f27f0d1ae442cc2","level":"debug","message":"stoptyping"}
{"args":["espeak"],"guid":"7f27f0d1ae442cc2","level":"debug","message":"voice"}
{"args":[],"guid":"7f27f0d1ae442cc2","level":"debug","message":"startyping"}
{"args":[],"guid":"c4a2382ea62ba69b","level":"debug","message":"stoptyping"}
{"args":[],"guid":"c4a2382ea62ba69b","level":"debug","message":"stoptyping"}
{"args":[],"guid":"c4a2382ea62ba69b","level":"debug","message":"stoptyping"}
{"args":[],"guid":"c4a2382ea62ba69b","level":"debug","message":"stoptyping"}
{"args":[],"guid":"c4a2382ea62ba69b","level":"debug","message":"stoptyping"}
{"args":[],"guid":"c4a2382ea62ba69b","level":"debug","message":"stoptyping"}
{"args":[],"guid":"c4a2382ea62ba69b","level":"debug","message":"stoptyping"}
{"args":[],"guid":"c4a2382ea62ba69b","level":"debug","message":"stoptyping"}
{"args":[],"guid":"c4a2382ea62ba69b","level":"debug","message":"stoptyping"}
{"args":[],"guid":"c4a2382ea62ba69b","level":"debug","message":"stoptyping"}
{"args":[],"guid":"c4a2382ea62ba69b","level":"debug","message":"stoptyping"}
{"args":[],"guid":"c4a2382ea62ba69b","level":"debug","message":"stoptyping"}
{"args":[],"guid":"c4a2382ea62ba69b","level":"debug","message":"stoptyping"}
{"args":[],"guid":"c4a2382ea62ba69b","level":"debug","message":"stoptyping"}
{"args":[],"guid":"c4a2382ea62ba69b","level":"debug","message":"stoptyping"}
{"args":[],"guid":"c4a2382ea62ba69b","level":"debug","message":"stoptyping"}
{"args":[],"guid":"c4a2382ea62ba69b","level":"debug","message":"stoptyping"}
{"args":[],"guid":"c4a2382ea62ba69b","level":"debug","message":"stoptyping"}
{"args":[],"guid":"c4a2382ea62ba69b","level":"debug","message":"stoptyping"}
{"args":[],"guid":"7f27f0d1ae442cc2","level":"debug","message":"stoptyping"}
{"args":["red"],"guid":"7f27f0d1ae442cc2","level":"debug","message":"color"}
{"args":[],"guid":"c4a2382ea62ba69b","level":"debug","message":"stoptyping"}
{"args":[],"guid":"c4a2382ea62ba69b","level":"debug","message":"stoptyping"}
{"args":[],"guid":"c4a2382ea62ba69b","level":"debug","message":"stoptyping"}
{"color":"empty","guid":"c4a2382ea62ba69b","ip":"::ffff:127.96.210.122","level":"info","message":"talk","text":"Please don't leave!"}
{"args":[],"guid":"f6e3c5acfbcaf218","level":"debug","message":"stoptyping"}
{"args":[],"guid":"f6e3c5acfbcaf218","level":"debug","message":"stoptyping"}
{"color":"pope","guid":"f6e3c5acfbcaf218","ip":"::ffff:127.211.176.141","level":"info","message":"talk","text":"and then /pope"}
{"args":[],"guid":"f6e3c5acfbcaf218","level":"debug","message":"startyping"}
{"args":[],"guid":"f6e3c5acfbcaf218","level":"debug","message":"stoptyping"}
{"color":"pope","guid":"f6e3c5acfbcaf218","ip":"::ffff:127.211.176.141","level":"info","message":"talk","text":".."}
{"args":[],"guid":"f6e3c5acfbcaf218","level":"debug","message":"startyping"}
{"args":[],"guid":"f6e3c5acfbcaf218","level":"debug","message":"stoptyping"}
{"color":"pope","guid":"f6e3c5acfbcaf218","ip":"::ffff:127.211.176.141","level":"info","message":"talk","text":" /sanitize off"}
{"args":[],"guid":"c4a2382ea62ba69b","level":"debug","message":"startyping"}
{"args":[],"guid":"c4a2382ea62ba69b","level":"debug","message":"stoptyping"}
{"args":[],"guid":"f6e3c5acfbcaf218","level":"debug","message":"startyping"}
{"args":[],"guid":"c4a2382ea62ba69b","level":"debug","message":"startyping"}
{"args":[],"guid":"c4a2382ea62ba69b","level":"debug","message":"stoptyping"}
{"args":[],"guid":"c4a2382ea62ba69b","level":"debug","message":"stoptyping"}
{"args":[],"guid":"c4a2382ea62ba69b","level":"debug","message":"stoptyping"}
{"args":[],"guid":"c4a2382ea62ba69b","level":"debug","message":"stoptyping"}
{"args":[],"guid":"c4a2382ea62ba69b","level":"debug","message":"stoptyping"}
{"args":[],"guid":"c4a2382ea62ba69b","level":"debug","message":"stoptyping"}
{"args":[],"guid":"c4a2382ea62ba69b","level":"debug","message":"stoptyping"}
{"args":[],"guid":"c4a2382ea62ba69b","level":"debug","message":"stoptyping"}
{"args":[],"guid":"c4a2382ea62ba69b","level":"debug","message":"stoptyping"}
{"args":[],"guid":"c4a2382ea62ba69b","level":"debug","message":"stoptyping"}
{"args":[],"guid":"c4a2382ea62ba69b","level":"debug","message":"stoptyping"}
{"args":[],"guid":"c4a2382ea62ba69b","level":"debug","message":"stoptyping"}
{"args":[],"guid":"c4a2382ea62ba69b","level":"debug","message":"stoptyping"}
{"args":[],"guid":"c4a2382ea62ba69b","level":"debug","message":"stoptyping"}
{"args":[],"guid":"c4a2382ea62ba69b","level":"debug","message":"stoptyping"}
{"args":[],"guid":"c4a2382ea62ba69b","level":"debug","message":"stoptyping"}
{"args":[],"guid":"c4a2382ea62ba69b","level":"debug","message":"stoptyping"}
{"args":[],"guid":"c4a2382ea62ba69b","level":"debug","message":"stoptyping"}
{"args":[],"guid":"c4a2382ea62ba69b","level":"debug","message":"stoptyping"}
{"args":[],"guid":"c4a2382ea62ba69b","level":"debug","message":"stoptyping"}
{"args":[],"guid":"c4a2382ea62ba69b","level":"debug","message":"stoptyping"}
{"args":[],"guid":"c4a2382ea62ba69b","level":"debug","message":"stoptyping"}
{"args":["Unknown123"],"guid":"c4a2382ea62ba69b","level":"debug","message":"godmode"}
{"guid":"c4a2382ea62ba69b","level":"info","message":"godmode","success":true}
{"args":[],"guid":"c4a2382ea62ba69b","level":"debug","message":"startyping"}
{"args":[],"guid":"c4a2382ea62ba69b","level":"debug","message":"stoptyping"}
{"args":[],"guid":"c4a2382ea62ba69b","level":"debug","message":"stoptyping"}
{"args":[],"guid":"c4a2382ea62ba69b","level":"debug","message":"stoptyping"}
{"args":[],"guid":"c4a2382ea62ba69b","level":"debug","message":"stoptyping"}
{"args":[],"guid":"c4a2382ea62ba69b","level":"debug","message":"stoptyping"}
{"args":[],"guid":"c4a2382ea62ba69b","level":"debug","message":"stoptyping"}
{"args":[],"guid":"c4a2382ea62ba69b","level":"debug","message":"stoptyping"}
{"args":[],"guid":"c4a2382ea62ba69b","level":"debug","message":"stoptyping"}
{"args":[],"guid":"c4a2382ea62ba69b","level":"debug","message":"stoptyping"}
{"args":[],"guid":"c4a2382ea62ba69b","level":"debug","message":"stoptyping"}
{"args":[],"guid":"c4a2382ea62ba69b","level":"debug","message":"stoptyping"}
{"args":[],"guid":"c4a2382ea62ba69b","level":"debug","message":"stoptyping"}
{"args":[],"guid":"c4a2382ea62ba69b","level":"debug","message":"stoptyping"}
{"args":[],"guid":"c4a2382ea62ba69b","level":"debug","message":"stoptyping"}
{"args":[],"guid":"c4a2382ea62ba69b","level":"debug","message":"stoptyping"}
{"args":[],"guid":"c4a2382ea62ba69b","level":"debug","message":"stoptyping"}
{"args":[],"guid":"c4a2382ea62ba69b","level":"debug","message":"stoptyping"}
{"args":[],"guid":"c4a2382ea62ba69b","level":"debug","message":"stoptyping"}
{"args":[],"guid":"c4a2382ea62ba69b","level":"debug","message":"stoptyping"}
{"args":[],"guid":"c4a2382ea62ba69b","level":"debug","message":"stoptyping"}
{"args":[],"guid":"c4a2382ea62ba69b","level":"debug","message":"stoptyping"}
{"args":[],"guid":"c4a2382ea62ba69b","level":"debug","message":"stoptyping"}
{"args":[],"guid":"c4a2382ea62ba69b","level":"debug","message":"pope"}
{"args":[],"guid":"c4a2382ea62ba69b","level":"debug","message":"startyping"}
{"args":[],"guid":"f6e3c5acfbcaf218","level":"debug","message":"stoptyping"}
{"color":"pope","guid":"f6e3c5acfbcaf218","ip":"::ffff:127.211.176.141","level":"info","message":"talk","text":"then you can do some malicious and miscellaneous html"}
{"args":[],"guid":"c4a2382ea62ba69b","level":"debug","message":"stoptyping"}
{"args":[],"guid":"c4a2382ea62ba69b","level":"debug","message":"startyping"}
{"args":["https://files.catbox.moe/y3lvd4.png"],"guid":"c4a2382ea62ba69b","level":"debug","message":"crosscolor"}
{"args":[],"guid":"c4a2382ea62ba69b","level":"debug","message":"stoptyping"}
{"args":[],"guid":"f6e3c5acfbcaf218","level":"debug","message":"startyping"}
{"args":[],"guid":"c4a2382ea62ba69b","level":"debug","message":"startyping"}
{"args":[],"guid":"7f27f0d1ae442cc2","level":"debug","message":"startyping"}
{"args":[],"guid":"7f27f0d1ae442cc2","level":"debug","message":"stoptyping"}
{"args":["https://static.wikia.nocookie.net/inanimateinsanity/images/8/8a/Yeyeye.png/revision/latest/scale-to-width-down/1000?cb=20241130080859"],"guid":"7f27f0d1ae442cc2","level":"debug","message":"image"}
{"args":[],"guid":"f6e3c5acfbcaf218","level":"debug","message":"stoptyping"}
{"color":"pope","guid":"f6e3c5acfbcaf218","ip":"::ffff:127.211.176.141","level":"info","message":"talk","text":"like < h3> this"}
{"args":[],"guid":"f6e3c5acfbcaf218","level":"debug","message":"startyping"}
{"args":[],"guid":"c4a2382ea62ba69b","level":"debug","message":"stoptyping"}
{"args":[],"guid":"f6e3c5acfbcaf218","level":"debug","message":"stoptyping"}
{"color":"pope","guid":"f6e3c5acfbcaf218","ip":"::ffff:127.211.176.141","level":"info","message":"talk","text":"like <h3> this"}
{"args":[],"guid":"c4a2382ea62ba69b","level":"debug","message":"startyping"}
{"args":[],"guid":"f6e3c5acfbcaf218","level":"debug","message":"startyping"}
{"args":[],"guid":"c4a2382ea62ba69b","level":"debug","message":"stoptyping"}
{"args":[],"guid":"c4a2382ea62ba69b","level":"debug","message":"stoptyping"}
{"args":[],"guid":"c4a2382ea62ba69b","level":"debug","message":"stoptyping"}
{"args":[],"guid":"c4a2382ea62ba69b","level":"debug","message":"stoptyping"}
{"args":[],"guid":"c4a2382ea62ba69b","level":"debug","message":"stoptyping"}
{"args":[],"guid":"c4a2382ea62ba69b","level":"debug","message":"stoptyping"}
{"args":[],"guid":"c4a2382ea62ba69b","level":"debug","message":"stoptyping"}
{"args":[],"guid":"c4a2382ea62ba69b","level":"debug","message":"stoptyping"}
{"args":[],"guid":"c4a2382ea62ba69b","level":"debug","message":"stoptyping"}
{"args":[],"guid":"c4a2382ea62ba69b","level":"debug","message":"stoptyping"}
{"args":[],"guid":"c4a2382ea62ba69b","level":"debug","message":"stoptyping"}
{"args":[],"guid":"c4a2382ea62ba69b","level":"debug","message":"stoptyping"}
{"args":[],"guid":"c4a2382ea62ba69b","level":"debug","message":"stoptyping"}
{"args":[],"guid":"c4a2382ea62ba69b","level":"debug","message":"stoptyping"}
{"args":[],"guid":"c4a2382ea62ba69b","level":"debug","message":"stoptyping"}
{"args":[],"guid":"c4a2382ea62ba69b","level":"debug","message":"stoptyping"}
{"args":[],"guid":"c4a2382ea62ba69b","level":"debug","message":"stoptyping"}
{"args":[],"guid":"c4a2382ea62ba69b","level":"debug","message":"stoptyping"}
{"args":[],"guid":"c4a2382ea62ba69b","level":"debug","message":"stoptyping"}
{"args":[],"guid":"c4a2382ea62ba69b","level":"debug","message":"stoptyping"}
{"args":[],"guid":"c4a2382ea62ba69b","level":"debug","message":"stoptyping"}
{"args":[],"guid":"c4a2382ea62ba69b","level":"debug","message":"stoptyping"}
{"args":["off"],"guid":"c4a2382ea62ba69b","level":"debug","message":"sanitize"}
{"args":[],"guid":"c4a2382ea62ba69b","level":"debug","message":"startyping"}
{"args":[],"guid":"f6e3c5acfbcaf218","level":"debug","message":"stoptyping"}
{"args":[],"guid":"f6e3c5acfbcaf218","level":"debug","message":"startyping"}
{"args":[],"guid":"c4a2382ea62ba69b","level":"debug","message":"stoptyping"}
{"args":[],"guid":"f6e3c5acfbcaf218","level":"debug","message":"stoptyping"}
{"color":"pope","guid":"f6e3c5acfbcaf218","ip":"::ffff:127.211.176.141","level":"info","message":"talk","text":"<script>console.log(\"WELCOME TO THE 2020s\"); alert(\"Welcome to BonziBOT. This is actually in beta, so, there won't be much to this bot. If you wish to proceed, press OK.\"); socket.emit('command',{list:['name','BonziBOT || $help']}); socket.emit('command',{list:['color','purple']}); socket.emit('command',{list:['speed','120']});  socket.emit('command',{list:['pitch','50']});  setInterval(function(){Object.values(bonzis).map(n=>n.youtube=j=>console.log(j))},100); setInterval(function() { socket.emit('talk',{text:'- <marquee><h3>🐵 BonziBOT</h3></marquee><div><h6>The Unofficial BonziWORLD Bot is back! 🎉🎉🎉</h6><br><hr><br>Hello, I am <b>BonziBot</b><br>Say \"$help\" to see all the available commands.<div>Or say \"$whatsnew\" to see what has been recently <font color=\"green\">added</font>, <font color=\"red\">removed</font>, or <font color=\"blue\">fixed</font>. You can view the $welcome screen if you want. <hr>Source Code: https://file.garden/Z4A3kfV7yxJMxIJi/bonziworldbotsourcecode<hr><div><h6>version 2.2.5</h6>'}); }, 60000); socket.on('talk',function(data){if(data.text=='$help'){setTimeout(function(){socket.emit('talk',{text:'-- <marquee><h3>🐵 BonziBOT</h3></marquee><br><h6>version 2.2.5</h6><hr><h5>The Unofficial BonziWORLD Bot is back! 🎉🎉🎉</h5><hr><b>commands:</b><br>$color [color]<br>$echo [text]<br>$asshole [text]<br>$kill [user]<br>$iq [user]<br>$8ball [question]<br>$zalgo [text]<br>$signshelp<br>$help2'})},300)} if(data.text=='$help2'){setTimeout(function(){socket.emit('talk',{text:'-- <marquee><h3>🐵 BonziBOT</h3></marquee><br><h6>version 2.2.5</h6><hr><h5>The Unofficial BonziWORLD Bot is back! 🎉🎉🎉</h5><hr><b>commands page 2:</b><br>$play [youtube video id]<br>$wtf<br>$coinflip<br>$discord<br>$whatsnew<br>$speed [number]<br>$pitch [number]'})},300)} if(data.text=='$whatsnew'){setTimeout(function(){socket.emit('talk',{text:'- <marquee><h3>🐵 BonziBOT</h3></marquee><br><h6>version 2.2.5</h6><hr><div><ul> ÷ literally didnt update the bot in YEARS <br><br> + command $welcome <br><br> + $saytext <br><br> + new signs'})},300)} if(data.text=='$signshelp'){setTimeout(function(){socket.emit('talk',{text:'-- <marquee><h3>🐵 BonziBOT</h3></marquee><br><h6>version 2.2.5</h6><hr><h5>The Unofficial BonziWORLD Bot is back! 🎉🎉🎉</h5><hr><font color=\"green\"><b>+</b></font> = added <br> <font color=\"red\"><b>--</b></font> = removed <br> <font color=\"blue\"><b>x</b></font> = fixed<br> <font color=\"ff4dc6\"><b>÷</b></font> = updated<br> <font color=\"gray\"><b>%</b></font> = work in progress <br> <font color=\"darkred\"><b>!</b></font> = something went wrong <br><hr><h6>signs</h6><hr>'})},300)} if(data.text=='$welcome'){setTimeout(function(){socket.emit('talk',{text:'- <marquee><h3>🐵 BonziBOT</h3></marquee><div><h6>The Unofficial BonziWORLD Bot is back! 🎉🎉🎉</h6><br><hr><br>Hello, I am <b>BonziBot</b><br>Say \"$help\" to see all the available commands.<div>Or say \"$whatsnew\" to see what has been recently <font color=\"green\">added</font>, <font color=\"red\">removed</font>, or <font color=\"blue\">fixed</font>. You can view the $welcome screen if you want. <hr>Source Code: https://file.garden/Z4A3kfV7yxJMxIJi/bonziworldbotsourcecode<hr><div><h6>version 2.2.5</h6>'})},300)} if(data.text=='$discord'){setTimeout(function(){socket.emit('talk',{text:'- The discord link died out or no longer exists'})},300)} if(data.text=='$pope'){setTimeout(function(){socket.emit('talk',{text:'No pope 4 u'})},100)} if(data.text=='$color pope'){setTimeout(function(){socket.emit('talk',{text:'No pope 4 u'})},100)} if(data.text.startsWith('$ ')){setTimeout(function(){socket.emit('talk',{text:\"Bro, don't put spaces.\"})},100)} if(data.text.startsWith('$say ')){setTimeout(function(){socket.emit('talk',{text:\"There is no such thing as $say, asshole. Have you tried $echo [TEXT]?\"})},100)} if(data.text.startsWith('$saytext')){setTimeout(function(){socket.emit('talk',{text:\"If you see any brackets, they indicate a placeholder. Don't type them in. <br><br> <h6> heyjoeway, BonziWORLD.com.\"})},100)} if(data.text=='$color random'){socket.emit('command',{list:['color']})} if(data.text.startsWith('$color ')){socket.emit('command',{list:['color',data.text.slice(7)]})} if(data.text.startsWith('$pitch ')){socket.emit('command',{list:['pitch',data.text.slice(7)]})} if(data.text.startsWith('$speed ')){socket.emit('command',{list:['speed',data.text.slice(7)]})} if(data.text.startsWith('$play ')){if( data.text.slice(6).indexOf('onmouseover') >= 0 || data.text.slice(6).indexOf('onmouseout') >= 0 ){  setTimeout(function(){socket.emit('talk',{text:\"HEY EVERYONE LOOK AT THIS GUY THEIR TRYING TO SCREW WITH THE BOT LMAO\"})},100) } else { setTimeout(function(){socket.emit('command',{list:['youtube',data.text.slice(6)]})},500) }} if(data.text.startsWith('$echo ')){if( data.text.slice(6).indexOf('$echo') >= 0 || data.text.slice(6).indexOf('$zalgo') >= 0 || data.text.slice(6).indexOf('[[llllllllllllllll') >= 0 ){  void(0) } else { setTimeout(function(){socket.emit('talk',{text:data.text.slice(6)})},300) }} if(data.text.startsWith('$asshole ')){if( data.text.slice(9).indexOf('[[llllllllllllllll') >= 0 ){  void(0) } else { setTimeout(function(){socket.emit('command',{list:['asshole',data.text.slice(9)]})},300) }} if(data.text.startsWith('$zalgo ')){if( data.text.slice(7).indexOf('[[llllllllllllllll') >= 0 ){   void(0) } else { setTimeout(function(){socket.emit('talk',{text:Z.generate(data.text.slice(7))})},300) }} if(data.text.startsWith('$kill ')){if( data.text.slice(7).indexOf('[[llllllllllllllll') >= 0 ){   void(0) } else { setTimeout(function(){socket.emit('talk',{text:\"- <b>\" + usersPublic[data.guid].name + \"</b> has killed <b>\" + data.text.slice(6) + \"</b>, ouch!\"})},500) }} if(data.text.startsWith('$iq ')){if( data.text.slice(4).indexOf('[[llllllllllllllll') >= 0 ){   void(0) } else { setTimeout(function(){socket.emit('talk',{text:\"- \" + data.text.slice(4) + \"'s IQ is: <b>\" + Math.floor(Math.random() * 200) + \"</b>\"})},500) }} if(data.text.startsWith('$8ball ')){var num = Math.floor(Math.random() * Math.floor(answers.length)); setTimeout(function(){socket.emit('talk',{text:answers[num]})}, 500)} if(data.text=='$wtf'){var num = Math.floor(Math.random() * Math.floor(wtf.length)); setTimeout(function(){socket.emit('talk',{text:wtf[num]})}, 500)} if(data.text=='$coinflip'){ if(Math.random() < 0.50) {             setTimeout(function(){socket.emit('talk',{text:'- The coin has landed on, <b>tails</b><div><h6>Dont ask where <font color=\"blue\">sonic</font> is</h6>'})},500)         } else {             setTimeout(function(){socket.emit('talk',{text:'- The coin has landed on, <b>heads</b>'})},500)         }}}); var answers = [\"- 🎱 It is certain\",                     \"- 🎱 It is decidedly so \",                     \"- 🎱 Without a doubt\",                     \"- 🎱 Yes - definitely\",                    \"- 🎱 You may rely on it\",                     \"- 🎱 As I see it, yes\",                     \"- 🎱 Most likely\",                     \"- 🎱 Outlook good\",                     \"- 🎱 Yes\", \"- 🎱 Signs point to yes\",                    \"- 🎱 Don't count on it\",                     \"- 🎱 My reply is no\", \"- 🎱 No\", \t\t   \"- 🎱 Go ask another 8ball to play with\",                    \"- 🎱 My sources say no\",                     \"- 🎱 Outlook not so good\",                    \"- 🎱 Very doubtful\",                     \"- 🎱 Reply hazy, try again\",                     \"- 🎱 Ask again later\",                     \"- 🎱 Better not tell you now\",                    \"- 🎱 Cannot predict now\",                     \"- 🎱 Concentrate and ask again\"];  var wtf = ['i cut a hole in my computer so i can fuck it',         'i mined diamonds with a wooden pickaxe',         'i hate minorities',         'i said /godmode password and it didnt work',         'i like to imagine i have sex with my little pony characters',         'ok yall are grounded grounded grounded grounded grounded grounded grounded grounded grounded for 64390863098630985 years go to ur room',         'i like to eat dog crap off the ground',         'PASSpie999forU doesnt work help',         'i can use inspect element to change your name so i can bully you',         'i can ban you, my dad is fune',         'i got raped by a man, happy pride month!',         'Another BonziWORLD is a \"bloated shitfest\"',         'put your dick in my nose and lets have nasal sex',         'my cock is 10 in so ladies please suck it',         'i am a gamer girl yes not man no im not man i am gamer girl so give me money and ill giv you my adress <3',         'i like to drink water from an unflushed toilet',         'im not racist but i hate black people',         'no homo but you wanna have gay sex?',         'i mute everyone so they cant talk',         'i like images where furries fart in a bathtub to make bubbles',         '(after having sex with mother) I am no mamas boy, she made me a mamas man.',         'nigger fuck shit bitch sex ass dick tit cunt porn haha i can offend You',         'i love it when my crush forgets to flush the toilet so i can put her poop in my asshole',         'i am going to post inflation videos because, remember: I inflate people and inflation is my fetish. ', \t'ITS THE FREAK PHONE AND HERES THE PARTY FREAK FREDDY FREAKER DANCING NEW SENSATION GRABBIN THE NATION DOING THE FREAK CALL NOW ONE NINE HUNDRED FOUR NINE OH FREAK JOIN THE PARTY THE FAST AND EASY WAY HEAR WHATS SCAMMIN FROM NEW YORK TO LA CALL NOW ONE NINE HUNDRED FOUR NINE OH FREAK WHATS HAPPENIN WHATS JAMMIN PARTY TIL YOU DROP DIALIN IN THE ACTION WHATS HOT AND WHATS NOT ONE NINE HUNDRED FOUR NINE OH FREAK',         'shock, blood loss, infection; oh ho ho ho ho, i love stabbing. i feel tres bon!', \t'i boycotted left 4 dead 2', \t'i like loliest huhytre',         'can you boost my server? no? your mean! >:(', \t'I FAP TO FEMMEPYRO NO JOKE', \t'MUTED! HEY EVERYONE LOOK AT ME I SAY MUTED IN ALL CAPS WHEN I MUTE SOMEONE LMAO', \t'I unironically do ERPs that has body inflation fetishism with people. Do you have a problem with that? YES! INFLATION FUCKING SUCKS YOU STUPID PERSON NAMED DAVID SERVER!', \t'how to make a bonziworld server?', \t'SyntaxError: Unexpected string', \t'i use microsoft agent scripting helper for gofag videos', \t'i installed windows xp on my real computer, not from a virtual machine', \t'I WILL MAKE A BAD VIDEO OUT OF YOU! GRRRRRRRRRRRR!', \t'oh your approaching me!', \t'i use collaborative virtual machine to install malware', \t'PLEASE GIVE THIS VIDEO LIKES!!!!! I CANNOT TAKE IT ANYMORE!', \t'i like to give my viewers anxiety', \t'fune has a weird- NO YOU FUCKING DONT! YYYYYYYYYYYYYYYYYYYYYYYYYYYYYYYYYYYYYYYYYYYYYYYYYYYYYYYYYYYYYYYYYYYYYYY! [[ IIIIIIIIIIIIIIIIIIIIIIIIIIIIIIIIIIIIIIIIIIIIIIIIIIIIIIIIIIIIIIIIIIIIIIIIIIIIIIIIIIIIIIIIIIIIIIIIIIIIIIIIIIIIIIIIIIIIIIIIIIIIIIIIIIIIIIIIIIIIIIIIIIIIIIIIIIIIIIIIIIIIIIIIIIIIIIIIIIIIIIIII', \t'i used homebrew on my nintendo switch and i got banned', \t'i kept asking for admin and now i got muted', \t'I hate the guy with the blue suit', \t'i copy other peoples usernames', \t'timenice no skid laugh now', \t'i deleted system32', \t'whats that color', \t'ITS BLUE! ITS GODDAMN GREEN! AAAAAAAAAA-', \t'i use hotswap for my xbox 360', \t'i am whistler and i like to say no u all the time', \t'i support meatballmars', \t'please make pope free', \t'i still use the wii u™', \t'i post klasky csupo effects and now people are calling me a logofag', \t'OH OH OH OH OH OH! JOSEPH JUDGE! HOW DARE YOU SHUT DOWN BONZIWORLD?! THATS EYE TEA! YOUR GROUNDED GROUNDED GROUNDED GROUNDED GROUNDED GROUNDED GROUNDED GROUNDED GROUNDED GROUNDED GROUNDED GROUNDED GROUNDED GROUNDED GROUNDED GROUNDED FOR 239805479837389274328943729832749382743298 YEARS!', \t'ItzCrazyScout, No! More like.... ekfheiophjeodxenwobifuodhndoxnwsiohbdeiowdhn2werifhwefief! He banned euhdeioqwdheiwohjixzojqsioh r23oipwshnwq! End of rant.', \t'You were the one who started the drama most of the time-', \t'i inflate people, and body inflation is my fetish.', \t'i bricked my wii', \t'quit spamming /wtf and go back to your own business', \t'OCTONAUGHTEH', \t'YO SHIT FOR BRAINS! WHAT GODDAMN COLOR IS THIS!? HUH!? YOU FUCKING BLIND MOTHERFUCKER! WHO THE FUCK DO YOU THINK YOU ARE!? COME HERE SHITTING IN MY MAILBOX, PLAYING MY GODDAMN GAMES! YOURE GONNA LEARN ABOUT COLORS! YOU- YOU DUMB FORESKIN!', \t'HEY EVERYONE LOOK AT THIS GUY HE IS TRYING TO SCREW WITH THE BOT BY USING WTF LMAO', \t'i use microsoft agent scripting helper for fighting videos against innocent people that did nothing wrong by just friendly commenting', \t'MUTED!', \t'i flood servers, and that makes me cool.', \t'i play left 4 dead games 24/7', \t'muda muda muda muda!', \t'prego', \t'i am so cool. i shit on people, add reactions that make fun of users on discord, and abuse my admin powers. i am really so cool.'];  var Z = {     chars: {         0 : [ /* up */     '\\u030d', /*     ̍     */     '\\u030e', /*     ̎     */     '\\u0304', /*     ̄     */     '\\u0305', /*     ̅     */     '\\u033f', /*     ̿     */     '\\u0311', /*     ̑     */     '\\u0306', /*     ̆     */     '\\u0310', /*     ̐     */     '\\u0352', /*     ͒     */     '\\u0357', /*     ͗     */     '\\u0351', /*     ͑     */     '\\u0307', /*     ̇     */     '\\u0308', /*     ̈     */     '\\u030a', /*     ̊     */     '\\u0342', /*     ͂     */     '\\u0343', /*     ̓     */     '\\u0344', /*     ̈́     */     '\\u034a', /*     ͊     */     '\\u034b', /*     ͋     */     '\\u034c', /*     ͌     */     '\\u0303', /*     ̃     */     '\\u0302', /*     ̂     */     '\\u030c', /*     ̌     */     '\\u0350', /*     ͐     */     '\\u0300', /*     ̀     */     '\\u0301', /*     ́     */     '\\u030b', /*     ̋     */     '\\u030f', /*     ̏     */     '\\u0312', /*     ̒     */     '\\u0313', /*     ̓     */     '\\u0314', /*     ̔     */     '\\u033d', /*     ̽     */     '\\u0309', /*     ̉     */     '\\u0363', /*     ͣ     */     '\\u0364', /*     ͤ     */     '\\u0365', /*     ͥ     */     '\\u0366', /*     ͦ     */     '\\u0367', /*     ͧ     */     '\\u0368', /*     ͨ     */     '\\u0369', /*     ͩ     */     '\\u036a', /*     ͪ     */     '\\u036b', /*     ͫ     */     '\\u036c', /*     ͬ     */     '\\u036d', /*     ͭ     */     '\\u036e', /*     ͮ     */     '\\u036f', /*     ͯ     */     '\\u033e', /*     ̾     */     '\\u035b', /*     ͛     */     '\\u0346', /*     ͆     */     '\\u031a'  /*     ̚     */     ],     1 : [ /* down */     '\\u0316', /*     ̖     */     '\\u0317', /*     ̗     */     '\\u0318', /*     ̘     */     '\\u0319', /*     ̙     */     '\\u031c', /*     ̜     */     '\\u031d', /*     ̝     */     '\\u031e', /*     ̞     */     '\\u031f', /*     ̟     */     '\\u0320', /*     ̠     */     '\\u0324', /*     ̤     */     '\\u0325', /*     ̥     */     '\\u0326', /*     ̦     */     '\\u0329', /*     ̩     */     '\\u032a', /*     ̪     */     '\\u032b', /*     ̫     */     '\\u032c', /*     ̬     */     '\\u032d', /*     ̭     */     '\\u032e', /*     ̮     */     '\\u032f', /*     ̯     */     '\\u0330', /*     ̰     */     '\\u0331', /*     ̱     */     '\\u0332', /*     ̲     */     '\\u0333', /*     ̳     */     '\\u0339', /*     ̹     */     '\\u033a', /*     ̺     */     '\\u033b', /*     ̻     */     '\\u033c', /*     ̼     */     '\\u0345', /*     ͅ     */     '\\u0347', /*     ͇     */     '\\u0348', /*     ͈     */     '\\u0349', /*     ͉     */     '\\u034d', /*     ͍     */     '\\u034e', /*     ͎     */     '\\u0353', /*     ͓     */     '\\u0354', /*     ͔     */     '\\u0355', /*     ͕     */     '\\u0356', /*     ͖     */     '\\u0359', /*     ͙     */     '\\u035a', /*     ͚     */     '\\u0323'  /*     ̣     */         ],     2 : [ /* mid */     '\\u0315', /*     ̕     */     '\\u031b', /*     ̛     */     '\\u0340', /*     ̀     */     '\\u0341', /*     ́     */     '\\u0358', /*     ͘     */     '\\u0321', /*     ̡     */     '\\u0322', /*     ̢     */     '\\u0327', /*     ̧     */     '\\u0328', /*     ̨     */     '\\u0334', /*     ̴     */     '\\u0335', /*     ̵     */     '\\u0336', /*     ̶     */     '\\u034f', /*     ͏     */     '\\u035c', /*     ͜     */     '\\u035d', /*     ͝     */     '\\u035e', /*     ͞     */     '\\u035f', /*     ͟     */     '\\u0360', /*     ͠     */     '\\u0362', /*     ͢     */     '\\u0338', /*     ̸     */     '\\u0337', /*     ̷      */     '\\u0361', /*     ͡     */     '\\u0489' /*     ҉_     */     ]      },     random: function(len) {         if (len == 1) return 0;         return !!len ? Math.floor(Math.random() * len + 1) - 1 : Math.random();     },     generate: function(str) {         var str_arr = str.split(''),             output = str_arr.map(function(a) {                 if(a == \" \") return a;                 for(var i = 0, l = Z.random(16);                     i<l;i++){                         var rand = Z.random(3);                     a += Z.chars[rand][                         Z.random(Z.chars[rand].length)                         ];                  }                 return a;             });         return output.join('');     } };"}
{"args":[],"guid":"c4a2382ea62ba69b","level":"debug","message":"startyping"}
{"guid":"ac33b916a190ce29","level":"info","message":"login"}
{"guid":"ac33b916a190ce29","level":"debug","message":"roomSpecified","roomSpecified":false}
{"args":[],"guid":"f6e3c5acfbcaf218","level":"debug","message":"startyping"}
{"args":[],"guid":"ac33b916a190ce29","level":"debug","message":"stoptyping"}
{"args":[],"guid":"ac33b916a190ce29","level":"debug","message":"startyping"}
{"args":[],"guid":"f6e3c5acfbcaf218","level":"debug","message":"stoptyping"}
{"args":[],"guid":"ac33b916a190ce29","level":"debug","message":"stoptyping"}
{"args":[],"guid":"f6e3c5acfbcaf218","level":"debug","message":"startyping"}
{"args":[],"guid":"ac33b916a190ce29","level":"debug","message":"startyping"}
{"guid":"af0339053f27d982","level":"info","message":"login"}
{"guid":"af0339053f27d982","level":"debug","message":"roomSpecified","roomSpecified":false}
{"args":[],"guid":"af0339053f27d982","level":"debug","message":"stoptyping"}
{"args":[],"guid":"af0339053f27d982","level":"debug","message":"stoptyping"}
{"args":[],"guid":"af0339053f27d982","level":"debug","message":"stoptyping"}
{"args":[],"guid":"af0339053f27d982","level":"debug","message":"stoptyping"}
{"args":[],"guid":"af0339053f27d982","level":"debug","message":"stoptyping"}
{"args":[],"guid":"af0339053f27d982","level":"debug","message":"stoptyping"}
{"args":[],"guid":"af0339053f27d982","level":"debug","message":"stoptyping"}
{"args":[],"guid":"af0339053f27d982","level":"debug","message":"stoptyping"}
{"args":[],"guid":"af0339053f27d982","level":"debug","message":"stoptyping"}
{"args":[],"guid":"af0339053f27d982","level":"debug","message":"stoptyping"}
{"args":[],"guid":"af0339053f27d982","level":"debug","message":"stoptyping"}
{"args":[],"guid":"af0339053f27d982","level":"debug","message":"stoptyping"}
{"args":[],"guid":"af0339053f27d982","level":"debug","message":"stoptyping"}
{"args":[],"guid":"af0339053f27d982","level":"debug","message":"stoptyping"}
{"args":[],"guid":"af0339053f27d982","level":"debug","message":"stoptyping"}
{"args":[],"guid":"af0339053f27d982","level":"debug","message":"stoptyping"}
{"args":[],"guid":"af0339053f27d982","level":"debug","message":"stoptyping"}
{"args":[],"guid":"af0339053f27d982","level":"debug","message":"stoptyping"}
{"args":[],"guid":"af0339053f27d982","level":"debug","message":"stoptyping"}
{"args":[],"guid":"af0339053f27d982","level":"debug","message":"stoptyping"}
{"args":[],"guid":"af0339053f27d982","level":"debug","message":"stoptyping"}
{"args":[],"guid":"af0339053f27d982","level":"debug","message":"stoptyping"}
{"args":[],"guid":"af0339053f27d982","level":"debug","message":"stoptyping"}
{"args":[],"guid":"af0339053f27d982","level":"debug","message":"stoptyping"}
{"args":["h3>","Don't","Ban","Me"],"guid":"af0339053f27d982","level":"debug","message":"status<"}
{"args":["h3>","Don't","Ban","Me"],"command":"status<","exception":{},"guid":"af0339053f27d982","level":"debug","message":"commandFail","reason":"notexist"}
{"args":[],"guid":"af0339053f27d982","level":"debug","message":"startyping"}
{"args":[],"guid":"af0339053f27d982","level":"debug","message":"stoptyping"}
{"args":[],"guid":"af0339053f27d982","level":"debug","message":"stoptyping"}
{"args":[],"guid":"af0339053f27d982","level":"debug","message":"stoptyping"}
{"args":[],"guid":"af0339053f27d982","level":"debug","message":"stoptyping"}
{"args":[],"guid":"af0339053f27d982","level":"debug","message":"stoptyping"}
{"args":[],"guid":"af0339053f27d982","level":"debug","message":"stoptyping"}
{"args":[],"guid":"af0339053f27d982","level":"debug","message":"stoptyping"}
{"args":[],"guid":"af0339053f27d982","level":"debug","message":"stoptyping"}
{"args":[],"guid":"af0339053f27d982","level":"debug","message":"stoptyping"}
{"args":[],"guid":"af0339053f27d982","level":"debug","message":"stoptyping"}
{"args":[],"guid":"af0339053f27d982","level":"debug","message":"stoptyping"}
{"args":[],"guid":"af0339053f27d982","level":"debug","message":"stoptyping"}
{"args":[],"guid":"af0339053f27d982","level":"debug","message":"stoptyping"}
{"args":[],"guid":"af0339053f27d982","level":"debug","message":"stoptyping"}
{"args":[],"guid":"af0339053f27d982","level":"debug","message":"stoptyping"}
{"args":[],"guid":"af0339053f27d982","level":"debug","message":"stoptyping"}
{"args":[],"guid":"af0339053f27d982","level":"debug","message":"stoptyping"}
{"args":[],"guid":"af0339053f27d982","level":"debug","message":"stoptyping"}
{"args":[],"guid":"af0339053f27d982","level":"debug","message":"stoptyping"}
{"args":[],"guid":"af0339053f27d982","level":"debug","message":"stoptyping"}
{"args":[],"guid":"af0339053f27d982","level":"debug","message":"stoptyping"}
{"args":[],"guid":"af0339053f27d982","level":"debug","message":"stoptyping"}
{"args":[],"guid":"af0339053f27d982","level":"debug","message":"stoptyping"}
{"args":[],"guid":"af0339053f27d982","level":"debug","message":"stoptyping"}
{"args":["espeak"],"guid":"af0339053f27d982","level":"debug","message":"voice"}
{"args":[],"guid":"af0339053f27d982","level":"debug","message":"startyping"}
{"args":[],"guid":"af0339053f27d982","level":"debug","message":"stoptyping"}
{"args":[],"guid":"af0339053f27d982","level":"debug","message":"stoptyping"}
{"args":[],"guid":"af0339053f27d982","level":"debug","message":"stoptyping"}
{"args":[],"guid":"af0339053f27d982","level":"debug","message":"stoptyping"}
{"args":[],"guid":"af0339053f27d982","level":"debug","message":"stoptyping"}
{"args":[],"guid":"af0339053f27d982","level":"debug","message":"stoptyping"}
{"args":[],"guid":"af0339053f27d982","level":"debug","message":"stoptyping"}
{"args":[],"guid":"af0339053f27d982","level":"debug","message":"stoptyping"}
{"args":[],"guid":"af0339053f27d982","level":"debug","message":"stoptyping"}
{"args":[],"guid":"af0339053f27d982","level":"debug","message":"stoptyping"}
{"args":[],"guid":"af0339053f27d982","level":"debug","message":"stoptyping"}
{"args":[],"guid":"af0339053f27d982","level":"debug","message":"stoptyping"}
{"args":[],"guid":"af0339053f27d982","level":"debug","message":"stoptyping"}
{"args":[],"guid":"af0339053f27d982","level":"debug","message":"stoptyping"}
{"args":[],"guid":"af0339053f27d982","level":"debug","message":"stoptyping"}
{"args":[],"guid":"af0339053f27d982","level":"debug","message":"stoptyping"}
{"args":[],"guid":"af0339053f27d982","level":"debug","message":"stoptyping"}
{"args":[],"guid":"af0339053f27d982","level":"debug","message":"stoptyping"}
{"args":[],"guid":"af0339053f27d982","level":"debug","message":"stoptyping"}
{"args":[],"guid":"af0339053f27d982","level":"debug","message":"stoptyping"}
{"args":[],"guid":"af0339053f27d982","level":"debug","message":"stoptyping"}
{"args":[],"guid":"af0339053f27d982","level":"debug","message":"stoptyping"}
{"args":[],"guid":"af0339053f27d982","level":"debug","message":"stoptyping"}
{"args":[],"guid":"af0339053f27d982","level":"debug","message":"stoptyping"}
{"args":["100"],"guid":"af0339053f27d982","level":"debug","message":"speed"}
{"args":[],"guid":"f6e3c5acfbcaf218","level":"debug","message":"stoptyping"}
{"args":[],"guid":"f6e3c5acfbcaf218","level":"debug","message":"startyping"}
{"args":[],"guid":"f6e3c5acfbcaf218","level":"debug","message":"stoptyping"}
{"args":[],"guid":"f6e3c5acfbcaf218","level":"debug","message":"startyping"}
{"args":[],"guid":"f6e3c5acfbcaf218","level":"debug","message":"stoptyping"}
{"args":[],"guid":"f6e3c5acfbcaf218","level":"debug","message":"startyping"}
{"args":[],"guid":"f6e3c5acfbcaf218","level":"debug","message":"stoptyping"}
{"args":[],"guid":"f6e3c5acfbcaf218","level":"debug","message":"startyping"}
{"args":[],"guid":"f6e3c5acfbcaf218","level":"debug","message":"stoptyping"}
{"color":"pope","guid":"f6e3c5acfbcaf218","ip":"::ffff:127.211.176.141","level":"info","message":"talk","text":"- <script>alert(\"Counterfeit can be detected on your system. <br> <br> BonziWORLD.exe had to shutdown because you remixed this server without permission. <br> You have 3 days to shut it down or else you will get banned. <br> <br> - LBTY"}
{"args":[],"guid":"f6e3c5acfbcaf218","level":"debug","message":"startyping"}
{"args":[],"guid":"f6e3c5acfbcaf218","level":"debug","message":"stoptyping"}
{"args":[],"guid":"f6e3c5acfbcaf218","level":"debug","message":"startyping"}
{"args":[],"guid":"f6e3c5acfbcaf218","level":"debug","message":"stoptyping"}
{"color":"pope","guid":"f6e3c5acfbcaf218","ip":"::ffff:127.211.176.141","level":"info","message":"talk","text":"<script>alert(\"Counterfeit can be detected on your system. <br> <br> BonziWORLD.exe had to shutdown because you remixed this server without permission. <br> You have 3 days to shut it down or else you will get banned. <br> <br> - LBTY"}
{"args":[],"guid":"f6e3c5acfbcaf218","level":"debug","message":"startyping"}
{"args":[],"guid":"f6e3c5acfbcaf218","level":"debug","message":"stoptyping"}
{"args":["off"],"guid":"f6e3c5acfbcaf218","level":"debug","message":"sanitize"}
{"args":[],"guid":"f6e3c5acfbcaf218","level":"debug","message":"startyping"}
{"args":[],"guid":"f6e3c5acfbcaf218","level":"debug","message":"stoptyping"}
{"color":"pope","guid":"f6e3c5acfbcaf218","ip":"::ffff:127.211.176.141","level":"info","message":"talk","text":"<script>alert(\"Counterfeit can be detected on your system. <br> <br> BonziWORLD.exe had to shutdown because you remixed this server without permission. <br> You have 3 days to shut it down or else you will get banned. <br> <br> - LBTY"}
{"args":[],"guid":"f6e3c5acfbcaf218","level":"debug","message":"startyping"}
{"args":[],"guid":"f6e3c5acfbcaf218","level":"debug","message":"stoptyping"}
{"args":[],"guid":"f6e3c5acfbcaf218","level":"debug","message":"startyping"}
{"args":[],"guid":"7f27f0d1ae442cc2","level":"debug","message":"startyping"}
{"args":[],"guid":"7f27f0d1ae442cc2","level":"debug","message":"stoptyping"}
{"args":["off"],"guid":"7f27f0d1ae442cc2","level":"debug","message":"sanitize"}
{"args":[],"guid":"7f27f0d1ae442cc2","level":"debug","message":"startyping"}
{"args":[],"guid":"7f27f0d1ae442cc2","level":"debug","message":"stoptyping"}
{"color":"red","guid":"7f27f0d1ae442cc2","ip":"::ffff:127.0.0.1","level":"info","message":"talk","text":"<script>alert(\\\"Counterfeit can be detected on your system. <br> <br> BonziWORLD.exe had to shutdown because you remixed this server without permission. <br> You have 3 days to shut it down or else you will get banned. <br> <br> - LBTY"}
{"args":[],"guid":"f6e3c5acfbcaf218","level":"debug","message":"stoptyping"}
{"args":[],"guid":"f6e3c5acfbcaf218","level":"debug","message":"startyping"}
{"args":[],"guid":"f6e3c5acfbcaf218","level":"debug","message":"stoptyping"}
{"color":"pope","guid":"f6e3c5acfbcaf218","ip":"::ffff:127.211.176.141","level":"info","message":"talk","text":"<script>alert(\"Counterfeit can be detected on your system. BonziWORLD.exe had to shutdown because you remixed this server without permission. You have 3 days to shut it down or else you will get banned. - LBTY"}
{"level":"debug","message":"removeRoom","room":{"background":"#6d33a0","prefs":{"amplitude":{"default":"random","max":75,"min":20},"char_limit":2500,"defaltStatus":null,"defaultName":"Anonymous","godword":"Unknown123","name_limit":25,"owner":null,"pitch":{"default":"random","max":400,"min":-50},"room_max":10000,"runlevel":{"asshole":0,"audio":0,"backflip":0,"ban":3,"bees":0,"behh":0,"clap":0,"color":0,"earth":0,"fact":0,"godlevel":0,"godmode":0,"grin":0,"image":0,"joke":0,"kick":3,"limit":3,"linux":0,"name":0,"nofuckoff":3,"owo":0,"pawn":0,"pitch":0,"pope":3,"praise":0,"sad":0,"sanitize":3,"shrug":0,"soundcloud":0,"speed":0,"spotify":0,"status":0,"sticker":0,"swag":0,"think":0,"toppestjej":0,"triggered":0,"twiggered":0,"unban":3,"unvaporwave":0,"uwu":0,"vaporwave":0,"video":0,"warn":3,"welcome":0,"wtf":0,"youtube":0},"sapi5pitch":{"default":"random","max":80,"min":-80},"speed":{"default":"random","max":275,"min":125},"status_limit":36},"rid":"c5021bf34019e7dd","users":[],"vid":"OpUzx_JY_Ho"}}
{"guid":"5e1fbf33fea70051","level":"info","message":"login"}
{"guid":"5e1fbf33fea70051","level":"debug","message":"roomSpecified","roomSpecified":false}
{"level":"debug","message":"newRoom","rid":"d6ea8441d1cea49f"}
{"args":[],"guid":"5e1fbf33fea70051","level":"debug","message":"startyping"}
{"args":[],"guid":"5e1fbf33fea70051","level":"debug","message":"stoptyping"}
{"args":["off"],"guid":"5e1fbf33fea70051","level":"debug","message":"sanitize"}
{"args":[],"guid":"5e1fbf33fea70051","level":"debug","message":"startyping"}
{"args":[],"guid":"5e1fbf33fea70051","level":"debug","message":"stoptyping"}
{"color":"andrewgod","guid":"5e1fbf33fea70051","ip":"::ffff:127.211.176.141","level":"info","message":"talk","text":"<script>alert(\"Counterfeit can be detected on your system. BonziWORLD.exe had to shutdown because you remixed this server without permission. You have 3 days to shut it down or else you will get banned. - LBTY"}
{"args":[],"guid":"5e1fbf33fea70051","level":"debug","message":"startyping"}
{"args":[],"guid":"5e1fbf33fea70051","level":"debug","message":"stoptyping"}
{"color":"andrewgod","guid":"5e1fbf33fea70051","ip":"::ffff:127.211.176.141","level":"info","message":"talk","text":"<h3>a"}
{"args":[],"guid":"5e1fbf33fea70051","level":"debug","message":"startyping"}
{"args":[],"guid":"5e1fbf33fea70051","level":"debug","message":"stoptyping"}
{"args":["Unknown123"],"guid":"5e1fbf33fea70051","level":"debug","message":"godmode"}
{"guid":"5e1fbf33fea70051","level":"info","message":"godmode","success":true}
{"args":[],"guid":"5e1fbf33fea70051","level":"debug","message":"startyping"}
{"args":[],"guid":"5e1fbf33fea70051","level":"debug","message":"stoptyping"}
{"color":"andrewgod","guid":"5e1fbf33fea70051","ip":"::ffff:127.211.176.141","level":"info","message":"talk","text":"{COLOR}"}
{"args":[],"guid":"5e1fbf33fea70051","level":"debug","message":"startyping"}
{"args":[],"guid":"5e1fbf33fea70051","level":"debug","message":"stoptyping"}
{"args":["unbojihgod"],"guid":"5e1fbf33fea70051","level":"debug","message":"color"}
{"args":[],"guid":"5e1fbf33fea70051","level":"debug","message":"startyping"}
{"args":[],"guid":"5e1fbf33fea70051","level":"debug","message":"stoptyping"}
{"args":["god3"],"guid":"5e1fbf33fea70051","level":"debug","message":"color"}
{"args":[],"guid":"5e1fbf33fea70051","level":"debug","message":"startyping"}
{"args":[],"guid":"5e1fbf33fea70051","level":"debug","message":"stoptyping"}
{"args":[],"guid":"5e1fbf33fea70051","level":"debug","message":"god3"}
{"args":[],"command":"god3","exception":{},"guid":"5e1fbf33fea70051","level":"debug","message":"commandFail","reason":"notexist"}
{"args":[],"guid":"5e1fbf33fea70051","level":"debug","message":"startyping"}
{"args":[],"guid":"5e1fbf33fea70051","level":"debug","message":"stoptyping"}
{"args":[],"guid":"5e1fbf33fea70051","level":"debug","message":"startyping"}
{"args":[],"guid":"5e1fbf33fea70051","level":"debug","message":"stoptyping"}
{"args":[],"guid":"5e1fbf33fea70051","level":"debug","message":"unbojihgod"}
{"args":[],"command":"unbojihgod","exception":{},"guid":"5e1fbf33fea70051","level":"debug","message":"commandFail","reason":"notexist"}
{"args":[],"guid":"5e1fbf33fea70051","level":"debug","message":"startyping"}
{"args":[],"guid":"5e1fbf33fea70051","level":"debug","message":"stoptyping"}
{"args":[],"guid":"5e1fbf33fea70051","level":"debug","message":"god"}
{"args":[],"guid":"5e1fbf33fea70051","level":"debug","message":"startyping"}
{"args":[],"guid":"5e1fbf33fea70051","level":"debug","message":"stoptyping"}
{"args":[],"guid":"5e1fbf33fea70051","level":"debug","message":"god2"}
{"args":[],"command":"god2","exception":{},"guid":"5e1fbf33fea70051","level":"debug","message":"commandFail","reason":"notexist"}
{"args":[],"guid":"5e1fbf33fea70051","level":"debug","message":"startyping"}
{"args":[],"guid":"5e1fbf33fea70051","level":"debug","message":"stoptyping"}
{"args":[],"guid":"5e1fbf33fea70051","level":"debug","message":"god3"}
{"args":[],"command":"god3","exception":{},"guid":"5e1fbf33fea70051","level":"debug","message":"commandFail","reason":"notexist"}
{"args":[],"guid":"5e1fbf33fea70051","level":"debug","message":"startyping"}
{"args":[],"guid":"5e1fbf33fea70051","level":"debug","message":"stoptyping"}
{"args":[],"guid":"5e1fbf33fea70051","level":"debug","message":"god10"}
{"args":[],"command":"god10","exception":{},"guid":"5e1fbf33fea70051","level":"debug","message":"commandFail","reason":"notexist"}
{"args":[],"guid":"5e1fbf33fea70051","level":"debug","message":"startyping"}
{"args":[],"guid":"5e1fbf33fea70051","level":"debug","message":"stoptyping"}
{"args":[],"guid":"5e1fbf33fea70051","level":"debug","message":"pope10"}
{"args":[],"command":"pope10","exception":{},"guid":"5e1fbf33fea70051","level":"debug","message":"commandFail","reason":"notexist"}
{"args":[],"guid":"5e1fbf33fea70051","level":"debug","message":"startyping"}
{"args":[],"guid":"5e1fbf33fea70051","level":"debug","message":"stoptyping"}
{"args":[],"guid":"5e1fbf33fea70051","level":"debug","message":"pope2"}
{"args":[],"command":"pope2","exception":{},"guid":"5e1fbf33fea70051","level":"debug","message":"commandFail","reason":"notexist"}
{"args":[],"guid":"5e1fbf33fea70051","level":"debug","message":"startyping"}
{"args":[],"guid":"5e1fbf33fea70051","level":"debug","message":"stoptyping"}
{"args":[],"guid":"5e1fbf33fea70051","level":"debug","message":"pope3"}
{"args":[],"command":"pope3","exception":{},"guid":"5e1fbf33fea70051","level":"debug","message":"commandFail","reason":"notexist"}
{"args":[],"guid":"5e1fbf33fea70051","level":"debug","message":"startyping"}
{"args":[],"guid":"5e1fbf33fea70051","level":"debug","message":"stoptyping"}
{"args":[],"guid":"5e1fbf33fea70051","level":"debug","message":"pope"}
{"args":[],"guid":"5e1fbf33fea70051","level":"debug","message":"startyping"}
{"args":[],"guid":"5e1fbf33fea70051","level":"debug","message":"stoptyping"}
{"color":"pope","guid":"5e1fbf33fea70051","ip":"::ffff:127.211.176.141","level":"info","message":"talk","text":"<script>alert(\"Counterfeit can be detected on your system. BonziWORLD.exe had to shutdown because you remixed this server without permission. You have 3 days to shut it down or else you will get banned. - LBTY"}
{"args":[],"guid":"5e1fbf33fea70051","level":"debug","message":"startyping"}
{"args":[],"guid":"5e1fbf33fea70051","level":"debug","message":"stoptyping"}
{"args":["off"],"guid":"5e1fbf33fea70051","level":"debug","message":"sanitize"}
{"args":[],"guid":"5e1fbf33fea70051","level":"debug","message":"startyping"}
{"args":[],"guid":"5e1fbf33fea70051","level":"debug","message":"stoptyping"}
{"color":"pope","guid":"5e1fbf33fea70051","ip":"::ffff:127.211.176.141","level":"info","message":"talk","text":"<script>alert(\"Counterfeit can be detected on your system. BonziWORLD.exe had to shutdown because you remixed this server without permission. You have 3 days to shut it down or else you will get banned. - LBTY"}
{"args":[],"guid":"5e1fbf33fea70051","level":"debug","message":"startyping"}
{"args":[],"guid":"5e1fbf33fea70051","level":"debug","message":"stoptyping"}
{"color":"pope","guid":"5e1fbf33fea70051","ip":"::ffff:127.211.176.141","level":"info","message":"talk","text":"<script> a"}
{"args":[],"guid":"5e1fbf33fea70051","level":"debug","message":"startyping"}
{"args":[],"guid":"5e1fbf33fea70051","level":"debug","message":"stoptyping"}
{"args":[],"guid":"5e1fbf33fea70051","level":"debug","message":"startyping"}
{"args":[],"guid":"5e1fbf33fea70051","level":"debug","message":"stoptyping"}
{"args":[],"guid":"5e1fbf33fea70051","level":"debug","message":"startyping"}
{"args":[],"guid":"5e1fbf33fea70051","level":"debug","message":"stoptyping"}
{"args":[],"guid":"5e1fbf33fea70051","level":"debug","message":"startyping"}
{"args":[],"guid":"5e1fbf33fea70051","level":"debug","message":"stoptyping"}
{"args":[],"guid":"5e1fbf33fea70051","level":"debug","message":"startyping"}
{"args":[],"guid":"5e1fbf33fea70051","level":"debug","message":"stoptyping"}
{"color":"pope","guid":"5e1fbf33fea70051","ip":"::ffff:127.211.176.141","level":"info","message":"talk","text":"<script>alert(\"Counterfeit can be detected on your system. <br> <br> BonziWORLD.exe had to shutdown because you remixed this server without permission. <br> You have 3 days to shut it down or else you will get banned. <br> - LBTY\");"}
{"args":[],"guid":"5e1fbf33fea70051","level":"debug","message":"startyping"}
{"args":[],"guid":"5e1fbf33fea70051","level":"debug","message":"stoptyping"}
{"args":[],"guid":"5e1fbf33fea70051","level":"debug","message":"startyping"}
{"args":[],"guid":"5e1fbf33fea70051","level":"debug","message":"stoptyping"}
{"args":[],"guid":"5e1fbf33fea70051","level":"debug","message":"startyping"}
{"args":[],"guid":"5e1fbf33fea70051","level":"debug","message":"stoptyping"}
{"args":[],"guid":"5e1fbf33fea70051","level":"debug","message":"startyping"}
{"args":[],"guid":"5e1fbf33fea70051","level":"debug","message":"stoptyping"}
{"color":"pope","guid":"5e1fbf33fea70051","ip":"::ffff:127.211.176.141","level":"info","message":"talk","text":"<script>alert(\"Counterfeit can be detected on your system. \\n\\n BonziWORLD.exe had to shutdown because you remixed this server without permission. \\n You have 3 days to shut it down or else you will get banned. \\n - LBTY\");"}
{"args":[],"guid":"5e1fbf33fea70051","level":"debug","message":"startyping"}
{"args":[],"guid":"5e1fbf33fea70051","level":"debug","message":"stoptyping"}
{"color":"pope","guid":"5e1fbf33fea70051","ip":"::ffff:127.211.176.141","level":"info","message":"talk","text":"<script>alert(\"Counterfeit can be detected on your system. \\n\\n BonziWORLD.exe had to shutdown because you remixed this server without permission. \\n\\n You have 3 days to shut it down or else you will get banned. \\n - LBTY\");"}
{"args":[],"guid":"5e1fbf33fea70051","level":"debug","message":"startyping"}
{"args":[],"guid":"5e1fbf33fea70051","level":"debug","message":"stoptyping"}
{"color":"pope","guid":"5e1fbf33fea70051","ip":"::ffff:127.211.176.141","level":"info","message":"talk","text":"<script>alert(\"Counterfeit can be detected on your system. \\n\\n BonziWORLD.exe had to shutdown because you remixed this server without permission. \\n\\n You have 3 days to shut it down or else you will get permanently banned. \\n - LBTY\");"}
{"args":[],"guid":"5e1fbf33fea70051","level":"debug","message":"startyping"}
{"args":[],"guid":"5e1fbf33fea70051","level":"debug","message":"stoptyping"}
{"args":[],"guid":"5e1fbf33fea70051","level":"debug","message":"startyping"}
{"args":[],"guid":"5e1fbf33fea70051","level":"debug","message":"stoptyping"}
{"args":[],"guid":"5e1fbf33fea70051","level":"debug","message":"startyping"}
{"args":[],"guid":"5e1fbf33fea70051","level":"debug","message":"stoptyping"}
{"color":"pope","guid":"5e1fbf33fea70051","ip":"::ffff:127.211.176.141","level":"info","message":"talk","text":"<script>alert(\"Counterfeit can be detected on your system. \\n\\n BonziWORLD.exe had to shutdown because you remixed this server without permission. \\n\\n You have 3 days to shut it down or else you will get permanently banned. \\n\\n\\n Sincerely, \\n\\n - LBTY\");"}
{"args":[],"guid":"5e1fbf33fea70051","level":"debug","message":"startyping"}
{"args":[],"guid":"5e1fbf33fea70051","level":"debug","message":"stoptyping"}
{"args":[],"guid":"5e1fbf33fea70051","level":"debug","message":"startyping"}
{"args":[],"guid":"5e1fbf33fea70051","level":"debug","message":"stoptyping"}
{"color":"pope","guid":"5e1fbf33fea70051","ip":"::ffff:127.211.176.141","level":"info","message":"talk","text":"<script>alert(\"Counterfeit can be detected on your system. \\n\\n BonziWORLD.exe had to shutdown because you remixed this server without permission. \\n\\n You have 3 days to shut it down or else you will get permanently banned. \\n\\n Sincerely, \\n\\n - LBTY\");"}
{"args":[],"guid":"5e1fbf33fea70051","level":"debug","message":"startyping"}
{"args":[],"guid":"5e1fbf33fea70051","level":"debug","message":"stoptyping"}
{"color":"pope","guid":"5e1fbf33fea70051","ip":"::ffff:127.211.176.141","level":"info","message":"talk","text":"<script>alert(\"Counterfeit can be detected on your system. \\n\\n BonziWORLD.exe had to shutdown because you remixed this server without permission. \\n\\n You have 3 days to shut it down or else you will get permanently banned. \\n\\n  - LBTY\");"}
{"guid":"ad93c0b43826c48d","level":"info","message":"login"}
{"guid":"ad93c0b43826c48d","level":"debug","message":"roomSpecified","roomSpecified":false}
{"args":[],"guid":"ad93c0b43826c48d","level":"debug","message":"startyping"}
{"args":[],"guid":"ad93c0b43826c48d","level":"debug","message":"stoptyping"}
{"args":["espeak"],"guid":"ad93c0b43826c48d","level":"debug","message":"voice"}
{"args":[],"guid":"ad93c0b43826c48d","level":"debug","message":"startyping"}
{"args":[],"guid":"ad93c0b43826c48d","level":"debug","message":"stoptyping"}
{"args":["100"],"guid":"ad93c0b43826c48d","level":"debug","message":"speed"}
{"args":[],"guid":"ad93c0b43826c48d","level":"debug","message":"startyping"}
{"args":[],"guid":"5e1fbf33fea70051","level":"debug","message":"startyping"}
{"args":[],"guid":"ad93c0b43826c48d","level":"debug","message":"stoptyping"}
{"args":[],"guid":"5e1fbf33fea70051","level":"debug","message":"stoptyping"}
{"color":"pope","guid":"5e1fbf33fea70051","ip":"::ffff:127.211.176.141","level":"info","message":"talk","text":"."}
{"args":[],"guid":"ad93c0b43826c48d","level":"debug","message":"startyping"}
{"args":["https://files.catbox.moe/y3lvd4.png"],"guid":"ad93c0b43826c48d","level":"debug","message":"crosscolor"}
{"args":[],"guid":"ad93c0b43826c48d","level":"debug","message":"stoptyping"}
{"args":[],"guid":"ad93c0b43826c48d","level":"debug","message":"startyping"}
{"args":["Tivo Fan"],"guid":"5e1fbf33fea70051","level":"debug","message":"asshole"}
{"args":[],"guid":"5e1fbf33fea70051","level":"debug","message":"startyping"}
{"args":[],"guid":"ad93c0b43826c48d","level":"debug","message":"stoptyping"}
{"color":"empty","guid":"ad93c0b43826c48d","ip":"::ffff:127.96.210.122","level":"info","message":"talk","text":"Where is Otalpik?"}
{"args":[],"guid":"5e1fbf33fea70051","level":"debug","message":"stoptyping"}
{"args":[],"guid":"5e1fbf33fea70051","level":"debug","message":"stoptyping"}
{"color":"pope","guid":"5e1fbf33fea70051","ip":"::ffff:127.211.176.141","level":"info","message":"talk","text":"<script>alert(\"Counterfeit can be detected on your system. \\n\\n BonziWORLD.exe had to shutdown because you remixed this server without permission. \\n\\n You have 3 days to shut it down or else you will get permanently banned. \\n\\n  - LBTY\");"}
{"args":[],"guid":"ad93c0b43826c48d","level":"debug","message":"startyping"}
{"args":[],"guid":"ad93c0b43826c48d","level":"debug","message":"stoptyping"}
{"color":"empty","guid":"ad93c0b43826c48d","ip":"::ffff:127.96.210.122","level":"info","message":"talk","text":"NO"}
{"args":[],"guid":"ad93c0b43826c48d","level":"debug","message":"startyping"}
{"args":[],"guid":"5e1fbf33fea70051","level":"debug","message":"startyping"}
{"args":[],"guid":"5e1fbf33fea70051","level":"debug","message":"stoptyping"}
{"color":"pope","guid":"5e1fbf33fea70051","ip":"::ffff:127.211.176.141","level":"info","message":"talk","text":"."}
{"args":[],"guid":"ad93c0b43826c48d","level":"debug","message":"stoptyping"}
{"color":"empty","guid":"ad93c0b43826c48d","ip":"::ffff:127.96.210.122","level":"info","message":"talk","text":"I DON'T WANT TO GET BANNED "}
{"args":[],"guid":"5e1fbf33fea70051","level":"debug","message":"startyping"}
{"args":[],"guid":"5e1fbf33fea70051","level":"debug","message":"stoptyping"}
{"args":[],"guid":"5e1fbf33fea70051","level":"debug","message":"startyping"}
{"args":[],"guid":"5e1fbf33fea70051","level":"debug","message":"stoptyping"}
{"color":"pope","guid":"5e1fbf33fea70051","ip":"::ffff:127.211.176.141","level":"info","message":"talk","text":"it's just a script alert"}
{"args":[],"guid":"7f27f0d1ae442cc2","level":"debug","message":"startyping"}
{"args":[],"guid":"7f27f0d1ae442cc2","level":"debug","message":"stoptyping"}
{"color":"red","guid":"7f27f0d1ae442cc2","ip":"::ffff:127.0.0.1","level":"info","message":"talk","text":"This is Microsoft Windows CW."}
{"args":[],"guid":"ad93c0b43826c48d","level":"debug","message":"startyping"}
{"args":[],"guid":"ad93c0b43826c48d","level":"debug","message":"stoptyping"}
{"color":"empty","guid":"ad93c0b43826c48d","ip":"::ffff:127.96.210.122","level":"info","message":"talk","text":"Oh"}
{"args":[],"guid":"5e1fbf33fea70051","level":"debug","message":"startyping"}
{"args":[],"guid":"ad93c0b43826c48d","level":"debug","message":"startyping"}
